<?xml version="1.0" encoding="UTF-8"?>
<coverage generated="1632079160686" clover="3.2.0">
  <project timestamp="1632079160686" name="All files">
    <metrics statements="196" coveredstatements="194" conditionals="71" coveredconditionals="69" methods="45" coveredmethods="44" elements="312" coveredelements="307" complexity="0" loc="196" ncloc="196" packages="7" files="16" classes="16"/>
    <package name="actions">
      <metrics statements="11" coveredstatements="11" conditionals="0" coveredconditionals="0" methods="5" coveredmethods="4"/>
      <file name="actionTypes.js" path="D:\Upwork\Sandeep\marsRover\src\actions\actionTypes.js">
        <metrics statements="6" coveredstatements="6" conditionals="0" coveredconditionals="0" methods="0" coveredmethods="0"/>
        <line num="1" count="11" type="stmt"/>
        <line num="2" count="11" type="stmt"/>
        <line num="3" count="11" type="stmt"/>
        <line num="4" count="11" type="stmt"/>
        <line num="5" count="11" type="stmt"/>
        <line num="6" count="11" type="stmt"/>
      </file>
      <file name="roverActions.js" path="D:\Upwork\Sandeep\marsRover\src\actions\roverActions.js">
        <metrics statements="5" coveredstatements="5" conditionals="0" coveredconditionals="0" methods="5" coveredmethods="4"/>
        <line num="9" count="4" type="stmt"/>
        <line num="13" count="4" type="stmt"/>
        <line num="17" count="4" type="stmt"/>
        <line num="25" count="4" type="stmt"/>
        <line num="33" count="4" type="stmt"/>
      </file>
    </package>
    <package name="common">
      <metrics statements="33" coveredstatements="33" conditionals="15" coveredconditionals="15" methods="9" coveredmethods="9"/>
      <file name="constants.js" path="D:\Upwork\Sandeep\marsRover\src\common\constants.js">
        <metrics statements="3" coveredstatements="3" conditionals="0" coveredconditionals="0" methods="0" coveredmethods="0"/>
        <line num="1" count="11" type="stmt"/>
        <line num="7" count="11" type="stmt"/>
        <line num="14" count="11" type="stmt"/>
      </file>
      <file name="helpers.js" path="D:\Upwork\Sandeep\marsRover\src\common\helpers.js">
        <metrics statements="27" coveredstatements="27" conditionals="15" coveredconditionals="15" methods="8" coveredmethods="8"/>
        <line num="5" count="11" type="stmt"/>
        <line num="6" count="16" type="cond" truecount="4" falsecount="0"/>
        <line num="11" count="11" type="stmt"/>
        <line num="12" count="7" type="cond" truecount="5" falsecount="0"/>
        <line num="14" count="1" type="stmt"/>
        <line num="17" count="3" type="stmt"/>
        <line num="20" count="1" type="stmt"/>
        <line num="24" count="2" type="stmt"/>
        <line num="28" count="11" type="stmt"/>
        <line num="29" count="1" type="stmt"/>
        <line num="31" count="1" type="stmt"/>
        <line num="36" count="1" type="stmt"/>
        <line num="39" count="11" type="stmt"/>
        <line num="40" count="1" type="stmt"/>
        <line num="42" count="1" type="stmt"/>
        <line num="45" count="11" type="stmt"/>
        <line num="46" count="5" type="cond" truecount="4" falsecount="0"/>
        <line num="48" count="1" type="stmt"/>
        <line num="50" count="1" type="stmt"/>
        <line num="52" count="2" type="stmt"/>
        <line num="54" count="1" type="stmt"/>
        <line num="58" count="11" type="stmt"/>
        <line num="59" count="4" type="cond" truecount="2" falsecount="0"/>
        <line num="62" count="18" type="stmt"/>
        <line num="65" count="11" type="stmt"/>
        <line num="66" count="16" type="stmt"/>
        <line num="67" count="16" type="stmt"/>
      </file>
      <file name="testHelpers.js" path="D:\Upwork\Sandeep\marsRover\src\common\testHelpers.js">
        <metrics statements="3" coveredstatements="3" conditionals="0" coveredconditionals="0" methods="1" coveredmethods="1"/>
        <line num="3" count="2" type="stmt"/>
        <line num="4" count="30" type="stmt"/>
        <line num="5" count="30" type="stmt"/>
      </file>
    </package>
    <package name="components">
      <metrics statements="50" coveredstatements="49" conditionals="14" coveredconditionals="13" methods="13" coveredmethods="13"/>
      <file name="Actions.js" path="D:\Upwork\Sandeep\marsRover\src\components\Actions.js">
        <metrics statements="3" coveredstatements="3" conditionals="0" coveredconditionals="0" methods="1" coveredmethods="1"/>
        <line num="6" count="1" type="stmt"/>
        <line num="7" count="2" type="stmt"/>
        <line num="12" count="1" type="stmt"/>
      </file>
      <file name="Grid.js" path="D:\Upwork\Sandeep\marsRover\src\components\Grid.js">
        <metrics statements="22" coveredstatements="22" conditionals="8" coveredconditionals="8" methods="4" coveredmethods="4"/>
        <line num="8" count="1" type="stmt"/>
        <line num="13" count="2" type="stmt"/>
        <line num="14" count="2" type="stmt"/>
        <line num="15" count="2" type="stmt"/>
        <line num="16" count="2" type="stmt"/>
        <line num="17" count="2" type="stmt"/>
        <line num="18" count="2" type="stmt"/>
        <line num="19" count="12" type="stmt"/>
        <line num="20" count="12" type="stmt"/>
        <line num="22" count="12" type="stmt"/>
        <line num="23" count="132" type="stmt"/>
        <line num="24" count="132" type="stmt"/>
        <line num="25" count="132" type="stmt"/>
        <line num="26" count="132" type="stmt"/>
        <line num="28" count="132" type="cond" truecount="4" falsecount="0"/>
        <line num="29" count="2" type="stmt"/>
        <line num="32" count="132" type="stmt"/>
        <line num="52" count="12" type="stmt"/>
        <line num="59" count="2" type="stmt"/>
        <line num="62" count="12" type="stmt"/>
        <line num="65" count="1" type="stmt"/>
        <line num="131" count="2" type="stmt"/>
      </file>
      <file name="InstructionsForm.js" path="D:\Upwork\Sandeep\marsRover\src\components\InstructionsForm.js">
        <metrics statements="12" coveredstatements="12" conditionals="0" coveredconditionals="0" methods="3" coveredmethods="3"/>
        <line num="10" count="1" type="stmt"/>
        <line num="11" count="3" type="stmt"/>
        <line num="12" count="3" type="stmt"/>
        <line num="14" count="1" type="stmt"/>
        <line num="15" count="1" type="stmt"/>
        <line num="16" count="1" type="stmt"/>
        <line num="18" count="1" type="stmt"/>
        <line num="19" count="1" type="stmt"/>
        <line num="23" count="1" type="stmt"/>
        <line num="28" count="3" type="stmt"/>
        <line num="65" count="1" type="stmt"/>
        <line num="93" count="3" type="stmt"/>
      </file>
      <file name="LogPosition.js" path="D:\Upwork\Sandeep\marsRover\src\components\LogPosition.js">
        <metrics statements="10" coveredstatements="9" conditionals="6" coveredconditionals="5" methods="4" coveredmethods="4"/>
        <line num="8" count="1" type="stmt"/>
        <line num="9" count="4" type="cond" truecount="1" falsecount="1"/>
        <line num="10" count="0" type="stmt"/>
        <line num="12" count="4" type="stmt"/>
        <line num="15" count="1" type="stmt"/>
        <line num="20" count="2" type="stmt"/>
        <line num="23" count="2" type="stmt"/>
        <line num="47" count="4" type="stmt"/>
        <line num="56" count="1" type="stmt"/>
        <line num="100" count="2" type="stmt"/>
      </file>
      <file name="Title.js" path="D:\Upwork\Sandeep\marsRover\src\components\Title.js">
        <metrics statements="3" coveredstatements="3" conditionals="0" coveredconditionals="0" methods="1" coveredmethods="1"/>
        <line num="4" count="1" type="stmt"/>
        <line num="5" count="2" type="stmt"/>
        <line num="11" count="1" type="stmt"/>
      </file>
    </package>
    <package name="components.library">
      <metrics statements="7" coveredstatements="7" conditionals="3" coveredconditionals="3" methods="3" coveredmethods="3"/>
      <file name="Input.js" path="D:\Upwork\Sandeep\marsRover\src\components\library\Input.js">
        <metrics statements="7" coveredstatements="7" conditionals="3" coveredconditionals="3" methods="3" coveredmethods="3"/>
        <line num="4" count="13" type="stmt"/>
        <line num="6" count="2" type="stmt"/>
        <line num="7" count="13" type="cond" truecount="3" falsecount="0"/>
        <line num="10" count="8" type="stmt"/>
        <line num="12" count="5" type="stmt"/>
        <line num="16" count="2" type="stmt"/>
        <line num="17" count="13" type="stmt"/>
      </file>
    </package>
    <package name="pages">
      <metrics statements="18" coveredstatements="18" conditionals="4" coveredconditionals="4" methods="8" coveredmethods="8"/>
      <file name="Home.js" path="D:\Upwork\Sandeep\marsRover\src\pages\Home.js">
        <metrics statements="18" coveredstatements="18" conditionals="4" coveredconditionals="4" methods="8" coveredmethods="8"/>
        <line num="14" count="1" type="stmt"/>
        <line num="21" count="7" type="stmt"/>
        <line num="22" count="7" type="stmt"/>
        <line num="23" count="7" type="stmt"/>
        <line num="26" count="7" type="stmt"/>
        <line num="27" count="7" type="stmt"/>
        <line num="28" count="4" type="stmt"/>
        <line num="29" count="4" type="cond" truecount="4" falsecount="0"/>
        <line num="33" count="3" type="stmt"/>
        <line num="35" count="1" type="stmt"/>
        <line num="38" count="7" type="stmt"/>
        <line num="39" count="7" type="stmt"/>
        <line num="42" count="7" type="stmt"/>
        <line num="43" count="7" type="stmt"/>
        <line num="44" count="7" type="stmt"/>
        <line num="48" count="7" type="stmt"/>
        <line num="65" count="1" type="stmt"/>
        <line num="95" count="7" type="stmt"/>
      </file>
    </package>
    <package name="reducers">
      <metrics statements="30" coveredstatements="30" conditionals="14" coveredconditionals="14" methods="5" coveredmethods="5"/>
      <file name="grid.js" path="D:\Upwork\Sandeep\marsRover\src\reducers\grid.js">
        <metrics statements="5" coveredstatements="5" conditionals="3" coveredconditionals="3" methods="1" coveredmethods="1"/>
        <line num="3" count="6" type="stmt"/>
        <line num="5" count="6" type="cond" truecount="1" falsecount="0"/>
        <line num="6" count="13" type="cond" truecount="2" falsecount="0"/>
        <line num="9" count="1" type="stmt"/>
        <line num="12" count="12" type="stmt"/>
      </file>
      <file name="index.js" path="D:\Upwork\Sandeep\marsRover\src\reducers\index.js">
        <metrics statements="3" coveredstatements="3" conditionals="0" coveredconditionals="0" methods="2" coveredmethods="2"/>
        <line num="6" count="5" type="stmt"/>
        <line num="11" count="5" type="stmt"/>
        <line num="12" count="5" type="stmt"/>
      </file>
      <file name="rover.js" path="D:\Upwork\Sandeep\marsRover\src\reducers\rover.js">
        <metrics statements="22" coveredstatements="22" conditionals="11" coveredconditionals="11" methods="2" coveredmethods="2"/>
        <line num="12" count="6" type="stmt"/>
        <line num="18" count="6" type="cond" truecount="1" falsecount="0"/>
        <line num="19" count="19" type="cond" truecount="6" falsecount="0"/>
        <line num="22" count="1" type="stmt"/>
        <line num="26" count="1" type="stmt"/>
        <line num="30" count="2" type="stmt"/>
        <line num="31" count="2" type="stmt"/>
        <line num="32" count="2" type="stmt"/>
        <line num="34" count="2" type="stmt"/>
        <line num="35" count="6" type="stmt"/>
        <line num="36" count="6" type="stmt"/>
        <line num="38" count="6" type="cond" truecount="2" falsecount="0"/>
        <line num="39" count="3" type="stmt"/>
        <line num="48" count="2" type="stmt"/>
        <line num="53" count="1" type="stmt"/>
        <line num="54" count="1" type="stmt"/>
        <line num="55" count="1" type="stmt"/>
        <line num="56" count="1" type="stmt"/>
        <line num="67" count="2" type="stmt"/>
        <line num="68" count="2" type="cond" truecount="2" falsecount="0"/>
        <line num="72" count="2" type="stmt"/>
        <line num="80" count="12" type="stmt"/>
      </file>
    </package>
    <package name="reducers.helpers">
      <metrics statements="47" coveredstatements="46" conditionals="21" coveredconditionals="20" methods="2" coveredmethods="2"/>
      <file name="roverHelpers.js" path="D:\Upwork\Sandeep\marsRover\src\reducers\helpers\roverHelpers.js">
        <metrics statements="47" coveredstatements="46" conditionals="21" coveredconditionals="20" methods="2" coveredmethods="2"/>
        <line num="5" count="7" type="stmt"/>
        <line num="11" count="16" type="cond" truecount="1" falsecount="1"/>
        <line num="12" count="16" type="stmt"/>
        <line num="18" count="0" type="stmt"/>
        <line num="22" count="7" type="stmt"/>
        <line num="29" count="20" type="stmt"/>
        <line num="30" count="20" type="stmt"/>
        <line num="31" count="20" type="cond" truecount="4" falsecount="0"/>
        <line num="33" count="9" type="cond" truecount="5" falsecount="0"/>
        <line num="35" count="5" type="stmt"/>
        <line num="36" count="5" type="stmt"/>
        <line num="37" count="5" type="stmt"/>
        <line num="40" count="1" type="stmt"/>
        <line num="41" count="1" type="stmt"/>
        <line num="42" count="1" type="stmt"/>
        <line num="45" count="1" type="stmt"/>
        <line num="46" count="1" type="stmt"/>
        <line num="47" count="1" type="stmt"/>
        <line num="50" count="1" type="stmt"/>
        <line num="51" count="1" type="stmt"/>
        <line num="52" count="1" type="stmt"/>
        <line num="55" count="1" type="stmt"/>
        <line num="57" count="8" type="stmt"/>
        <line num="60" count="5" type="cond" truecount="5" falsecount="0"/>
        <line num="62" count="1" type="stmt"/>
        <line num="63" count="1" type="stmt"/>
        <line num="66" count="1" type="stmt"/>
        <line num="67" count="1" type="stmt"/>
        <line num="70" count="1" type="stmt"/>
        <line num="71" count="1" type="stmt"/>
        <line num="74" count="1" type="stmt"/>
        <line num="75" count="1" type="stmt"/>
        <line num="78" count="1" type="stmt"/>
        <line num="80" count="4" type="stmt"/>
        <line num="83" count="5" type="cond" truecount="5" falsecount="0"/>
        <line num="85" count="1" type="stmt"/>
        <line num="86" count="1" type="stmt"/>
        <line num="89" count="1" type="stmt"/>
        <line num="90" count="1" type="stmt"/>
        <line num="93" count="1" type="stmt"/>
        <line num="94" count="1" type="stmt"/>
        <line num="97" count="1" type="stmt"/>
        <line num="98" count="1" type="stmt"/>
        <line num="101" count="1" type="stmt"/>
        <line num="103" count="4" type="stmt"/>
        <line num="106" count="1" type="stmt"/>
        <line num="108" count="16" type="stmt"/>
      </file>
    </package>
  </project>
</coverage>
