{"D:\\Upwork\\Sandeep\\marsRover\\src\\actions\\actionTypes.js": {"path":"D:\\Upwork\\Sandeep\\marsRover\\src\\actions\\actionTypes.js","statementMap":{"0":{"start":{"line":1,"column":27},"end":{"line":1,"column":40}},"1":{"start":{"line":2,"column":38},"end":{"line":2,"column":62}},"2":{"start":{"line":3,"column":30},"end":{"line":3,"column":46}},"3":{"start":{"line":4,"column":30},"end":{"line":4,"column":46}},"4":{"start":{"line":5,"column":34},"end":{"line":5,"column":54}},"5":{"start":{"line":6,"column":40},"end":{"line":6,"column":66}}},"fnMap":{},"branchMap":{},"s":{"0":11,"1":11,"2":11,"3":11,"4":11,"5":11},"f":{},"b":{},"_coverageSchema":"1a1c01bbd47fc00a2c39e90264f33305004495a9","hash":"dc1212dfa1b01fc7ad3856f4d4cbf250a446c41d"}
,"D:\\Upwork\\Sandeep\\marsRover\\src\\actions\\roverActions.js": {"path":"D:\\Upwork\\Sandeep\\marsRover\\src\\actions\\roverActions.js","statementMap":{"0":{"start":{"line":9,"column":26},"end":{"line":11,"column":2}},"1":{"start":{"line":9,"column":33},"end":{"line":11,"column":1}},"2":{"start":{"line":13,"column":37},"end":{"line":15,"column":2}},"3":{"start":{"line":13,"column":44},"end":{"line":15,"column":1}},"4":{"start":{"line":17,"column":40},"end":{"line":23,"column":2}},"5":{"start":{"line":17,"column":69},"end":{"line":23,"column":1}},"6":{"start":{"line":25,"column":36},"end":{"line":31,"column":2}},"7":{"start":{"line":25,"column":57},"end":{"line":31,"column":1}},"8":{"start":{"line":33,"column":32},"end":{"line":38,"column":2}},"9":{"start":{"line":33,"column":45},"end":{"line":38,"column":1}}},"fnMap":{"0":{"name":"(anonymous_0)","decl":{"start":{"line":9,"column":26},"end":{"line":9,"column":27}},"loc":{"start":{"line":9,"column":33},"end":{"line":11,"column":1}},"line":9},"1":{"name":"(anonymous_1)","decl":{"start":{"line":13,"column":37},"end":{"line":13,"column":38}},"loc":{"start":{"line":13,"column":44},"end":{"line":15,"column":1}},"line":13},"2":{"name":"(anonymous_2)","decl":{"start":{"line":17,"column":40},"end":{"line":17,"column":41}},"loc":{"start":{"line":17,"column":69},"end":{"line":23,"column":1}},"line":17},"3":{"name":"(anonymous_3)","decl":{"start":{"line":25,"column":36},"end":{"line":25,"column":37}},"loc":{"start":{"line":25,"column":57},"end":{"line":31,"column":1}},"line":25},"4":{"name":"(anonymous_4)","decl":{"start":{"line":33,"column":32},"end":{"line":33,"column":33}},"loc":{"start":{"line":33,"column":45},"end":{"line":38,"column":1}},"line":33}},"branchMap":{},"s":{"0":4,"1":1,"2":4,"3":0,"4":4,"5":1,"6":4,"7":1,"8":4,"9":1},"f":{"0":1,"1":0,"2":1,"3":1,"4":1},"b":{},"_coverageSchema":"1a1c01bbd47fc00a2c39e90264f33305004495a9","hash":"42e1b31026c31a8f379e70d092f43d609673cbcb"}
,"D:\\Upwork\\Sandeep\\marsRover\\src\\common\\constants.js": {"path":"D:\\Upwork\\Sandeep\\marsRover\\src\\common\\constants.js","statementMap":{"0":{"start":{"line":1,"column":31},"end":{"line":5,"column":1}},"1":{"start":{"line":7,"column":31},"end":{"line":12,"column":1}},"2":{"start":{"line":14,"column":30},"end":{"line":18,"column":1}}},"fnMap":{},"branchMap":{},"s":{"0":11,"1":11,"2":11},"f":{},"b":{},"_coverageSchema":"1a1c01bbd47fc00a2c39e90264f33305004495a9","hash":"f029f08670a3604340739da813060856c791dc7d"}
,"D:\\Upwork\\Sandeep\\marsRover\\src\\common\\helpers.js": {"path":"D:\\Upwork\\Sandeep\\marsRover\\src\\common\\helpers.js","statementMap":{"0":{"start":{"line":5,"column":31},"end":{"line":9,"column":25}},"1":{"start":{"line":6,"column":2},"end":{"line":9,"column":25}},"2":{"start":{"line":11,"column":33},"end":{"line":26,"column":1}},"3":{"start":{"line":12,"column":2},"end":{"line":25,"column":3}},"4":{"start":{"line":14,"column":6},"end":{"line":14,"column":26}},"5":{"start":{"line":17,"column":6},"end":{"line":17,"column":26}},"6":{"start":{"line":20,"column":6},"end":{"line":20,"column":26}},"7":{"start":{"line":24,"column":6},"end":{"line":24,"column":26}},"8":{"start":{"line":28,"column":36},"end":{"line":37,"column":1}},"9":{"start":{"line":29,"column":22},"end":{"line":29,"column":24}},"10":{"start":{"line":31,"column":2},"end":{"line":34,"column":5}},"11":{"start":{"line":36,"column":2},"end":{"line":36,"column":35}},"12":{"start":{"line":39,"column":38},"end":{"line":43,"column":1}},"13":{"start":{"line":40,"column":24},"end":{"line":40,"column":53}},"14":{"start":{"line":42,"column":2},"end":{"line":42,"column":23}},"15":{"start":{"line":45,"column":40},"end":{"line":56,"column":1}},"16":{"start":{"line":46,"column":2},"end":{"line":55,"column":3}},"17":{"start":{"line":48,"column":6},"end":{"line":48,"column":30}},"18":{"start":{"line":50,"column":6},"end":{"line":50,"column":30}},"19":{"start":{"line":52,"column":6},"end":{"line":52,"column":30}},"20":{"start":{"line":54,"column":6},"end":{"line":54,"column":18}},"21":{"start":{"line":58,"column":36},"end":{"line":63,"column":19}},"22":{"start":{"line":59,"column":2},"end":{"line":63,"column":19}},"23":{"start":{"line":62,"column":20},"end":{"line":62,"column":62}},"24":{"start":{"line":65,"column":33},"end":{"line":68,"column":1}},"25":{"start":{"line":66,"column":23},"end":{"line":66,"column":64}},"26":{"start":{"line":67,"column":2},"end":{"line":67,"column":22}}},"fnMap":{"0":{"name":"(anonymous_0)","decl":{"start":{"line":5,"column":31},"end":{"line":5,"column":32}},"loc":{"start":{"line":6,"column":2},"end":{"line":9,"column":25}},"line":6},"1":{"name":"(anonymous_1)","decl":{"start":{"line":11,"column":33},"end":{"line":11,"column":34}},"loc":{"start":{"line":11,"column":46},"end":{"line":26,"column":1}},"line":11},"2":{"name":"(anonymous_2)","decl":{"start":{"line":28,"column":36},"end":{"line":28,"column":37}},"loc":{"start":{"line":28,"column":42},"end":{"line":37,"column":1}},"line":28},"3":{"name":"(anonymous_3)","decl":{"start":{"line":39,"column":38},"end":{"line":39,"column":39}},"loc":{"start":{"line":39,"column":46},"end":{"line":43,"column":1}},"line":39},"4":{"name":"(anonymous_4)","decl":{"start":{"line":45,"column":40},"end":{"line":45,"column":41}},"loc":{"start":{"line":45,"column":48},"end":{"line":56,"column":1}},"line":45},"5":{"name":"(anonymous_5)","decl":{"start":{"line":58,"column":36},"end":{"line":58,"column":37}},"loc":{"start":{"line":59,"column":2},"end":{"line":63,"column":19}},"line":59},"6":{"name":"(anonymous_6)","decl":{"start":{"line":62,"column":12},"end":{"line":62,"column":13}},"loc":{"start":{"line":62,"column":20},"end":{"line":62,"column":62}},"line":62},"7":{"name":"(anonymous_7)","decl":{"start":{"line":65,"column":33},"end":{"line":65,"column":34}},"loc":{"start":{"line":65,"column":60},"end":{"line":68,"column":1}},"line":65}},"branchMap":{"0":{"loc":{"start":{"line":6,"column":2},"end":{"line":9,"column":25}},"type":"binary-expr","locations":[{"start":{"line":6,"column":2},"end":{"line":6,"column":20}},{"start":{"line":7,"column":2},"end":{"line":7,"column":25}},{"start":{"line":8,"column":2},"end":{"line":8,"column":20}},{"start":{"line":9,"column":2},"end":{"line":9,"column":25}}],"line":6},"1":{"loc":{"start":{"line":12,"column":2},"end":{"line":25,"column":3}},"type":"switch","locations":[{"start":{"line":13,"column":4},"end":{"line":14,"column":26}},{"start":{"line":16,"column":4},"end":{"line":17,"column":26}},{"start":{"line":19,"column":4},"end":{"line":20,"column":26}},{"start":{"line":22,"column":4},"end":{"line":22,"column":27}},{"start":{"line":23,"column":4},"end":{"line":24,"column":26}}],"line":12},"2":{"loc":{"start":{"line":46,"column":2},"end":{"line":55,"column":3}},"type":"switch","locations":[{"start":{"line":47,"column":4},"end":{"line":48,"column":30}},{"start":{"line":49,"column":4},"end":{"line":50,"column":30}},{"start":{"line":51,"column":4},"end":{"line":52,"column":30}},{"start":{"line":53,"column":4},"end":{"line":54,"column":18}}],"line":46},"3":{"loc":{"start":{"line":59,"column":2},"end":{"line":63,"column":19}},"type":"binary-expr","locations":[{"start":{"line":59,"column":2},"end":{"line":63,"column":13}},{"start":{"line":63,"column":17},"end":{"line":63,"column":19}}],"line":59}},"s":{"0":11,"1":16,"2":11,"3":7,"4":1,"5":3,"6":1,"7":2,"8":11,"9":1,"10":1,"11":1,"12":11,"13":1,"14":1,"15":11,"16":5,"17":1,"18":1,"19":2,"20":1,"21":11,"22":4,"23":18,"24":11,"25":16,"26":16},"f":{"0":16,"1":7,"2":1,"3":1,"4":5,"5":4,"6":18,"7":16},"b":{"0":[16,16,16,16],"1":[1,3,1,1,2],"2":[1,1,2,1],"3":[4,3]},"_coverageSchema":"1a1c01bbd47fc00a2c39e90264f33305004495a9","hash":"d1fa67e963e171d28857c9ad7ec3b1157349f6b7"}
,"D:\\Upwork\\Sandeep\\marsRover\\src\\common\\testHelpers.js": {"path":"D:\\Upwork\\Sandeep\\marsRover\\src\\common\\testHelpers.js","statementMap":{"0":{"start":{"line":3,"column":29},"end":{"line":10,"column":1}},"1":{"start":{"line":4,"column":39},"end":{"line":4,"column":44}},"2":{"start":{"line":5,"column":2},"end":{"line":9,"column":4}}},"fnMap":{"0":{"name":"(anonymous_0)","decl":{"start":{"line":3,"column":29},"end":{"line":3,"column":30}},"loc":{"start":{"line":3,"column":46},"end":{"line":10,"column":1}},"line":3}},"branchMap":{},"s":{"0":2,"1":30,"2":30},"f":{"0":30},"b":{},"_coverageSchema":"1a1c01bbd47fc00a2c39e90264f33305004495a9","hash":"f23363cc49fb1be36ef147734968e4d506aa908f"}
,"D:\\Upwork\\Sandeep\\marsRover\\src\\components\\Actions.js": {"path":"D:\\Upwork\\Sandeep\\marsRover\\src\\components\\Actions.js","statementMap":{"0":{"start":{"line":6,"column":16},"end":{"line":10,"column":1}},"1":{"start":{"line":7,"column":2},"end":{"line":9,"column":8}},"2":{"start":{"line":12,"column":22},"end":{"line":23,"column":1}}},"fnMap":{"0":{"name":"(anonymous_0)","decl":{"start":{"line":6,"column":16},"end":{"line":6,"column":17}},"loc":{"start":{"line":7,"column":2},"end":{"line":9,"column":8}},"line":7}},"branchMap":{},"s":{"0":1,"1":2,"2":1},"f":{"0":2},"b":{},"_coverageSchema":"1a1c01bbd47fc00a2c39e90264f33305004495a9","hash":"4d3c451304329c5fa012d69d8738c5f3151683f4"}
,"D:\\Upwork\\Sandeep\\marsRover\\src\\components\\Grid.js": {"path":"D:\\Upwork\\Sandeep\\marsRover\\src\\components\\Grid.js","statementMap":{"0":{"start":{"line":8,"column":13},"end":{"line":63,"column":1}},"1":{"start":{"line":13,"column":21},"end":{"line":60,"column":3}},"2":{"start":{"line":14,"column":22},"end":{"line":14,"column":24}},"3":{"start":{"line":15,"column":20},"end":{"line":15,"column":21}},"4":{"start":{"line":16,"column":17},"end":{"line":16,"column":18}},"5":{"start":{"line":17,"column":16},"end":{"line":17,"column":17}},"6":{"start":{"line":18,"column":4},"end":{"line":57,"column":5}},"7":{"start":{"line":19,"column":21},"end":{"line":19,"column":22}},"8":{"start":{"line":20,"column":23},"end":{"line":20,"column":25}},"9":{"start":{"line":22,"column":6},"end":{"line":50,"column":7}},"10":{"start":{"line":23,"column":28},"end":{"line":23,"column":36}},"11":{"start":{"line":24,"column":28},"end":{"line":24,"column":40}},"12":{"start":{"line":25,"column":19},"end":{"line":25,"column":50}},"13":{"start":{"line":26,"column":30},"end":{"line":26,"column":35}},"14":{"start":{"line":28,"column":8},"end":{"line":30,"column":9}},"15":{"start":{"line":29,"column":10},"end":{"line":29,"column":33}},"16":{"start":{"line":32,"column":8},"end":{"line":49,"column":10}},"17":{"start":{"line":52,"column":6},"end":{"line":56,"column":8}},"18":{"start":{"line":59,"column":4},"end":{"line":59,"column":21}},"19":{"start":{"line":62,"column":2},"end":{"line":62,"column":75}},"20":{"start":{"line":62,"column":62},"end":{"line":62,"column":66}},"21":{"start":{"line":65,"column":19},"end":{"line":129,"column":1}},"22":{"start":{"line":131,"column":24},"end":{"line":134,"column":2}},"23":{"start":{"line":131,"column":34},"end":{"line":134,"column":1}}},"fnMap":{"0":{"name":"(anonymous_0)","decl":{"start":{"line":8,"column":13},"end":{"line":8,"column":14}},"loc":{"start":{"line":12,"column":6},"end":{"line":63,"column":1}},"line":12},"1":{"name":"(anonymous_1)","decl":{"start":{"line":13,"column":21},"end":{"line":13,"column":22}},"loc":{"start":{"line":13,"column":27},"end":{"line":60,"column":3}},"line":13},"2":{"name":"(anonymous_2)","decl":{"start":{"line":62,"column":54},"end":{"line":62,"column":55}},"loc":{"start":{"line":62,"column":62},"end":{"line":62,"column":66}},"line":62},"3":{"name":"(anonymous_3)","decl":{"start":{"line":131,"column":24},"end":{"line":131,"column":25}},"loc":{"start":{"line":131,"column":34},"end":{"line":134,"column":1}},"line":131}},"branchMap":{"0":{"loc":{"start":{"line":28,"column":8},"end":{"line":30,"column":9}},"type":"if","locations":[{"start":{"line":28,"column":8},"end":{"line":30,"column":9}},{"start":{"line":28,"column":8},"end":{"line":30,"column":9}}],"line":28},"1":{"loc":{"start":{"line":28,"column":12},"end":{"line":28,"column":68}},"type":"binary-expr","locations":[{"start":{"line":28,"column":12},"end":{"line":28,"column":38}},{"start":{"line":28,"column":42},"end":{"line":28,"column":68}}],"line":28},"2":{"loc":{"start":{"line":35,"column":14},"end":{"line":38,"column":20}},"type":"cond-expr","locations":[{"start":{"line":36,"column":18},"end":{"line":36,"column":37}},{"start":{"line":38,"column":18},"end":{"line":38,"column":20}}],"line":35},"3":{"loc":{"start":{"line":43,"column":13},"end":{"line":47,"column":13}},"type":"cond-expr","locations":[{"start":{"line":44,"column":14},"end":{"line":44,"column":80}},{"start":{"line":46,"column":14},"end":{"line":46,"column":16}}],"line":43}},"s":{"0":1,"1":2,"2":2,"3":2,"4":2,"5":2,"6":2,"7":12,"8":12,"9":12,"10":132,"11":132,"12":132,"13":132,"14":132,"15":2,"16":132,"17":12,"18":2,"19":2,"20":12,"21":1,"22":1,"23":2},"f":{"0":2,"1":2,"2":12,"3":2},"b":{"0":[2,130],"1":[132,12],"2":[2,130],"3":[2,130]},"_coverageSchema":"1a1c01bbd47fc00a2c39e90264f33305004495a9","hash":"fa026086d9793cb39fe21723ab3c433ff56ef64c"}
,"D:\\Upwork\\Sandeep\\marsRover\\src\\components\\InstructionsForm.js": {"path":"D:\\Upwork\\Sandeep\\marsRover\\src\\components\\InstructionsForm.js","statementMap":{"0":{"start":{"line":10,"column":25},"end":{"line":63,"column":1}},"1":{"start":{"line":11,"column":19},"end":{"line":11,"column":31}},"2":{"start":{"line":12,"column":27},"end":{"line":26,"column":3}},"3":{"start":{"line":14,"column":6},"end":{"line":14,"column":29}},"4":{"start":{"line":15,"column":25},"end":{"line":15,"column":59}},"5":{"start":{"line":16,"column":27},"end":{"line":16,"column":59}},"6":{"start":{"line":18,"column":6},"end":{"line":18,"column":44}},"7":{"start":{"line":19,"column":6},"end":{"line":22,"column":9}},"8":{"start":{"line":23,"column":6},"end":{"line":23,"column":34}},"9":{"start":{"line":28,"column":2},"end":{"line":62,"column":4}},"10":{"start":{"line":65,"column":31},"end":{"line":91,"column":1}},"11":{"start":{"line":93,"column":24},"end":{"line":95,"column":2}},"12":{"start":{"line":93,"column":34},"end":{"line":95,"column":1}}},"fnMap":{"0":{"name":"(anonymous_0)","decl":{"start":{"line":10,"column":25},"end":{"line":10,"column":26}},"loc":{"start":{"line":10,"column":76},"end":{"line":63,"column":1}},"line":10},"1":{"name":"(anonymous_1)","decl":{"start":{"line":13,"column":4},"end":{"line":13,"column":5}},"loc":{"start":{"line":13,"column":13},"end":{"line":24,"column":5}},"line":13},"2":{"name":"(anonymous_2)","decl":{"start":{"line":93,"column":24},"end":{"line":93,"column":25}},"loc":{"start":{"line":93,"column":34},"end":{"line":95,"column":1}},"line":93}},"branchMap":{},"s":{"0":1,"1":3,"2":3,"3":1,"4":1,"5":1,"6":1,"7":1,"8":1,"9":3,"10":1,"11":1,"12":3},"f":{"0":3,"1":1,"2":3},"b":{},"_coverageSchema":"1a1c01bbd47fc00a2c39e90264f33305004495a9","hash":"761cacba8f17c53136d54c9c59f10dc0f372d385"}
,"D:\\Upwork\\Sandeep\\marsRover\\src\\components\\LogPosition.js": {"path":"D:\\Upwork\\Sandeep\\marsRover\\src\\components\\LogPosition.js","statementMap":{"0":{"start":{"line":8,"column":19},"end":{"line":13,"column":1}},"1":{"start":{"line":9,"column":2},"end":{"line":11,"column":3}},"2":{"start":{"line":10,"column":4},"end":{"line":10,"column":20}},"3":{"start":{"line":12,"column":2},"end":{"line":12,"column":42}},"4":{"start":{"line":15,"column":20},"end":{"line":54,"column":1}},"5":{"start":{"line":20,"column":25},"end":{"line":22,"column":4}},"6":{"start":{"line":23,"column":2},"end":{"line":53,"column":4}},"7":{"start":{"line":47,"column":14},"end":{"line":47,"column":51}},"8":{"start":{"line":56,"column":26},"end":{"line":98,"column":1}},"9":{"start":{"line":100,"column":24},"end":{"line":102,"column":2}},"10":{"start":{"line":100,"column":34},"end":{"line":102,"column":1}}},"fnMap":{"0":{"name":"(anonymous_0)","decl":{"start":{"line":8,"column":19},"end":{"line":8,"column":20}},"loc":{"start":{"line":8,"column":31},"end":{"line":13,"column":1}},"line":8},"1":{"name":"(anonymous_1)","decl":{"start":{"line":15,"column":20},"end":{"line":15,"column":21}},"loc":{"start":{"line":19,"column":6},"end":{"line":54,"column":1}},"line":19},"2":{"name":"(anonymous_2)","decl":{"start":{"line":46,"column":21},"end":{"line":46,"column":22}},"loc":{"start":{"line":47,"column":14},"end":{"line":47,"column":51}},"line":47},"3":{"name":"(anonymous_3)","decl":{"start":{"line":100,"column":24},"end":{"line":100,"column":25}},"loc":{"start":{"line":100,"column":34},"end":{"line":102,"column":1}},"line":100}},"branchMap":{"0":{"loc":{"start":{"line":9,"column":2},"end":{"line":11,"column":3}},"type":"if","locations":[{"start":{"line":9,"column":2},"end":{"line":11,"column":3}},{"start":{"line":9,"column":2},"end":{"line":11,"column":3}}],"line":9},"1":{"loc":{"start":{"line":25,"column":7},"end":{"line":32,"column":7}},"type":"binary-expr","locations":[{"start":{"line":25,"column":7},"end":{"line":25,"column":14}},{"start":{"line":26,"column":8},"end":{"line":31,"column":14}}],"line":25},"2":{"loc":{"start":{"line":42,"column":7},"end":{"line":51,"column":7}},"type":"binary-expr","locations":[{"start":{"line":42,"column":7},"end":{"line":42,"column":19}},{"start":{"line":43,"column":8},"end":{"line":50,"column":11}}],"line":42}},"s":{"0":1,"1":4,"2":0,"3":4,"4":1,"5":2,"6":2,"7":4,"8":1,"9":1,"10":2},"f":{"0":4,"1":2,"2":4,"3":2},"b":{"0":[0,4],"1":[2,2],"2":[2,2]},"_coverageSchema":"1a1c01bbd47fc00a2c39e90264f33305004495a9","hash":"0d4185bd4eff264184e887d9318c23aaebd2dfb3"}
,"D:\\Upwork\\Sandeep\\marsRover\\src\\components\\Title.js": {"path":"D:\\Upwork\\Sandeep\\marsRover\\src\\components\\Title.js","statementMap":{"0":{"start":{"line":4,"column":14},"end":{"line":9,"column":1}},"1":{"start":{"line":5,"column":2},"end":{"line":8,"column":8}},"2":{"start":{"line":11,"column":20},"end":{"line":13,"column":1}}},"fnMap":{"0":{"name":"(anonymous_0)","decl":{"start":{"line":4,"column":14},"end":{"line":4,"column":15}},"loc":{"start":{"line":5,"column":2},"end":{"line":8,"column":8}},"line":5}},"branchMap":{},"s":{"0":1,"1":2,"2":1},"f":{"0":2},"b":{},"_coverageSchema":"1a1c01bbd47fc00a2c39e90264f33305004495a9","hash":"55528f9854994ddddbe21b0fbcfcfffc3077d10d"}
,"D:\\Upwork\\Sandeep\\marsRover\\src\\components\\library\\Input.js": {"path":"D:\\Upwork\\Sandeep\\marsRover\\src\\components\\library\\Input.js","statementMap":{"0":{"start":{"line":4,"column":14},"end":{"line":4,"column":78}},"1":{"start":{"line":4,"column":47},"end":{"line":4,"column":77}},"2":{"start":{"line":6,"column":29},"end":{"line":14,"column":1}},"3":{"start":{"line":7,"column":2},"end":{"line":13,"column":3}},"4":{"start":{"line":10,"column":6},"end":{"line":10,"column":32}},"5":{"start":{"line":12,"column":6},"end":{"line":12,"column":16}},"6":{"start":{"line":16,"column":20},"end":{"line":18,"column":1}},"7":{"start":{"line":17,"column":18},"end":{"line":17,"column":44}}},"fnMap":{"0":{"name":"(anonymous_0)","decl":{"start":{"line":4,"column":31},"end":{"line":4,"column":32}},"loc":{"start":{"line":4,"column":47},"end":{"line":4,"column":77}},"line":4},"1":{"name":"(anonymous_1)","decl":{"start":{"line":6,"column":29},"end":{"line":6,"column":30}},"loc":{"start":{"line":6,"column":37},"end":{"line":14,"column":1}},"line":6},"2":{"name":"(anonymous_2)","decl":{"start":{"line":17,"column":4},"end":{"line":17,"column":5}},"loc":{"start":{"line":17,"column":18},"end":{"line":17,"column":44}},"line":17}},"branchMap":{"0":{"loc":{"start":{"line":7,"column":2},"end":{"line":13,"column":3}},"type":"switch","locations":[{"start":{"line":8,"column":4},"end":{"line":8,"column":18}},{"start":{"line":9,"column":4},"end":{"line":10,"column":32}},{"start":{"line":11,"column":4},"end":{"line":12,"column":16}}],"line":7}},"s":{"0":2,"1":13,"2":2,"3":13,"4":8,"5":5,"6":2,"7":13},"f":{"0":13,"1":13,"2":13},"b":{"0":[4,8,5]},"_coverageSchema":"1a1c01bbd47fc00a2c39e90264f33305004495a9","hash":"a88cd28dbe2f662adf3b724723de90e97aa49a1c"}
,"D:\\Upwork\\Sandeep\\marsRover\\src\\pages\\Home.js": {"path":"D:\\Upwork\\Sandeep\\marsRover\\src\\pages\\Home.js","statementMap":{"0":{"start":{"line":14,"column":13},"end":{"line":63,"column":1}},"1":{"start":{"line":21,"column":2},"end":{"line":24,"column":32}},"2":{"start":{"line":22,"column":26},"end":{"line":22,"column":54}},"3":{"start":{"line":23,"column":4},"end":{"line":23,"column":36}},"4":{"start":{"line":26,"column":2},"end":{"line":40,"column":36}},"5":{"start":{"line":27,"column":26},"end":{"line":37,"column":5}},"6":{"start":{"line":28,"column":23},"end":{"line":28,"column":28}},"7":{"start":{"line":29,"column":6},"end":{"line":36,"column":7}},"8":{"start":{"line":33,"column":10},"end":{"line":33,"column":54}},"9":{"start":{"line":35,"column":10},"end":{"line":35,"column":22}},"10":{"start":{"line":38,"column":4},"end":{"line":38,"column":56}},"11":{"start":{"line":39,"column":4},"end":{"line":39,"column":72}},"12":{"start":{"line":39,"column":17},"end":{"line":39,"column":71}},"13":{"start":{"line":42,"column":2},"end":{"line":46,"column":19}},"14":{"start":{"line":43,"column":4},"end":{"line":45,"column":6}},"15":{"start":{"line":44,"column":6},"end":{"line":44,"column":19}},"16":{"start":{"line":48,"column":2},"end":{"line":62,"column":4}},"17":{"start":{"line":65,"column":19},"end":{"line":93,"column":1}},"18":{"start":{"line":95,"column":24},"end":{"line":97,"column":2}},"19":{"start":{"line":95,"column":34},"end":{"line":97,"column":1}}},"fnMap":{"0":{"name":"(anonymous_0)","decl":{"start":{"line":14,"column":13},"end":{"line":14,"column":14}},"loc":{"start":{"line":20,"column":6},"end":{"line":63,"column":1}},"line":20},"1":{"name":"(anonymous_1)","decl":{"start":{"line":21,"column":12},"end":{"line":21,"column":13}},"loc":{"start":{"line":21,"column":18},"end":{"line":24,"column":3}},"line":21},"2":{"name":"(anonymous_2)","decl":{"start":{"line":26,"column":12},"end":{"line":26,"column":13}},"loc":{"start":{"line":26,"column":18},"end":{"line":40,"column":3}},"line":26},"3":{"name":"(anonymous_3)","decl":{"start":{"line":27,"column":26},"end":{"line":27,"column":27}},"loc":{"start":{"line":27,"column":35},"end":{"line":37,"column":5}},"line":27},"4":{"name":"(anonymous_4)","decl":{"start":{"line":39,"column":11},"end":{"line":39,"column":12}},"loc":{"start":{"line":39,"column":17},"end":{"line":39,"column":71}},"line":39},"5":{"name":"(anonymous_5)","decl":{"start":{"line":42,"column":12},"end":{"line":42,"column":13}},"loc":{"start":{"line":42,"column":18},"end":{"line":46,"column":3}},"line":42},"6":{"name":"(anonymous_6)","decl":{"start":{"line":43,"column":11},"end":{"line":43,"column":12}},"loc":{"start":{"line":43,"column":17},"end":{"line":45,"column":5}},"line":43},"7":{"name":"(anonymous_7)","decl":{"start":{"line":95,"column":24},"end":{"line":95,"column":25}},"loc":{"start":{"line":95,"column":34},"end":{"line":97,"column":1}},"line":95}},"branchMap":{"0":{"loc":{"start":{"line":29,"column":6},"end":{"line":36,"column":7}},"type":"switch","locations":[{"start":{"line":30,"column":8},"end":{"line":30,"column":31}},{"start":{"line":31,"column":8},"end":{"line":31,"column":31}},{"start":{"line":32,"column":8},"end":{"line":33,"column":54}},{"start":{"line":34,"column":8},"end":{"line":35,"column":22}}],"line":29}},"s":{"0":1,"1":7,"2":7,"3":7,"4":7,"5":7,"6":4,"7":4,"8":3,"9":1,"10":7,"11":7,"12":7,"13":7,"14":7,"15":7,"16":7,"17":1,"18":1,"19":7},"f":{"0":7,"1":7,"2":7,"3":4,"4":7,"5":7,"6":7,"7":7},"b":{"0":[1,2,3,1]},"_coverageSchema":"1a1c01bbd47fc00a2c39e90264f33305004495a9","hash":"7bf34ade8ce5ed3674d536749fc5e5406307a4f5"}
,"D:\\Upwork\\Sandeep\\marsRover\\src\\reducers\\grid.js": {"path":"D:\\Upwork\\Sandeep\\marsRover\\src\\reducers\\grid.js","statementMap":{"0":{"start":{"line":3,"column":21},"end":{"line":3,"column":35}},"1":{"start":{"line":5,"column":13},"end":{"line":14,"column":1}},"2":{"start":{"line":6,"column":2},"end":{"line":13,"column":3}},"3":{"start":{"line":9,"column":6},"end":{"line":9,"column":26}},"4":{"start":{"line":12,"column":6},"end":{"line":12,"column":19}}},"fnMap":{"0":{"name":"(anonymous_0)","decl":{"start":{"line":5,"column":13},"end":{"line":5,"column":14}},"loc":{"start":{"line":5,"column":47},"end":{"line":14,"column":1}},"line":5}},"branchMap":{"0":{"loc":{"start":{"line":5,"column":14},"end":{"line":5,"column":34}},"type":"default-arg","locations":[{"start":{"line":5,"column":22},"end":{"line":5,"column":34}}],"line":5},"1":{"loc":{"start":{"line":6,"column":2},"end":{"line":13,"column":3}},"type":"switch","locations":[{"start":{"line":8,"column":4},"end":{"line":9,"column":26}},{"start":{"line":11,"column":4},"end":{"line":12,"column":19}}],"line":6}},"s":{"0":6,"1":6,"2":13,"3":1,"4":12},"f":{"0":13},"b":{"0":[13],"1":[1,12]},"_coverageSchema":"1a1c01bbd47fc00a2c39e90264f33305004495a9","hash":"cb1a665bfcb22e740fa759e3f2d8d9dad2b7d10a"}
,"D:\\Upwork\\Sandeep\\marsRover\\src\\reducers\\index.js": {"path":"D:\\Upwork\\Sandeep\\marsRover\\src\\reducers\\index.js","statementMap":{"0":{"start":{"line":6,"column":17},"end":{"line":9,"column":1}},"1":{"start":{"line":11,"column":23},"end":{"line":11,"column":42}},"2":{"start":{"line":11,"column":32},"end":{"line":11,"column":42}},"3":{"start":{"line":12,"column":24},"end":{"line":12,"column":44}},"4":{"start":{"line":12,"column":33},"end":{"line":12,"column":44}}},"fnMap":{"0":{"name":"(anonymous_0)","decl":{"start":{"line":11,"column":23},"end":{"line":11,"column":24}},"loc":{"start":{"line":11,"column":32},"end":{"line":11,"column":42}},"line":11},"1":{"name":"(anonymous_1)","decl":{"start":{"line":12,"column":24},"end":{"line":12,"column":25}},"loc":{"start":{"line":12,"column":33},"end":{"line":12,"column":44}},"line":12}},"branchMap":{},"s":{"0":5,"1":5,"2":1,"3":5,"4":1},"f":{"0":1,"1":1},"b":{},"_coverageSchema":"1a1c01bbd47fc00a2c39e90264f33305004495a9","hash":"e70d96a869ccfdafde26b49b49406ed6569b74af"}
,"D:\\Upwork\\Sandeep\\marsRover\\src\\reducers\\rover.js": {"path":"D:\\Upwork\\Sandeep\\marsRover\\src\\reducers\\rover.js","statementMap":{"0":{"start":{"line":12,"column":21},"end":{"line":16,"column":1}},"1":{"start":{"line":18,"column":14},"end":{"line":82,"column":1}},"2":{"start":{"line":19,"column":2},"end":{"line":81,"column":3}},"3":{"start":{"line":22,"column":6},"end":{"line":22,"column":26}},"4":{"start":{"line":26,"column":6},"end":{"line":26,"column":35}},"5":{"start":{"line":30,"column":37},"end":{"line":30,"column":51}},"6":{"start":{"line":31,"column":32},"end":{"line":31,"column":49}},"7":{"start":{"line":32,"column":21},"end":{"line":32,"column":33}},"8":{"start":{"line":34,"column":6},"end":{"line":47,"column":9}},"9":{"start":{"line":35,"column":30},"end":{"line":35,"column":71}},"10":{"start":{"line":36,"column":39},"end":{"line":36,"column":47}},"11":{"start":{"line":38,"column":8},"end":{"line":46,"column":9}},"12":{"start":{"line":39,"column":10},"end":{"line":45,"column":13}},"13":{"start":{"line":48,"column":6},"end":{"line":48,"column":22}},"14":{"start":{"line":53,"column":29},"end":{"line":53,"column":43}},"15":{"start":{"line":54,"column":28},"end":{"line":54,"column":58}},"16":{"start":{"line":55,"column":37},"end":{"line":55,"column":42}},"17":{"start":{"line":56,"column":6},"end":{"line":62,"column":9}},"18":{"start":{"line":67,"column":27},"end":{"line":67,"column":41}},"19":{"start":{"line":68,"column":18},"end":{"line":70,"column":24}},"20":{"start":{"line":72,"column":6},"end":{"line":76,"column":8}},"21":{"start":{"line":80,"column":6},"end":{"line":80,"column":19}}},"fnMap":{"0":{"name":"(anonymous_0)","decl":{"start":{"line":18,"column":14},"end":{"line":18,"column":15}},"loc":{"start":{"line":18,"column":48},"end":{"line":82,"column":1}},"line":18},"1":{"name":"(anonymous_1)","decl":{"start":{"line":34,"column":32},"end":{"line":34,"column":33}},"loc":{"start":{"line":34,"column":47},"end":{"line":47,"column":7}},"line":34}},"branchMap":{"0":{"loc":{"start":{"line":18,"column":15},"end":{"line":18,"column":35}},"type":"default-arg","locations":[{"start":{"line":18,"column":23},"end":{"line":18,"column":35}}],"line":18},"1":{"loc":{"start":{"line":19,"column":2},"end":{"line":81,"column":3}},"type":"switch","locations":[{"start":{"line":21,"column":4},"end":{"line":22,"column":26}},{"start":{"line":25,"column":4},"end":{"line":26,"column":35}},{"start":{"line":29,"column":4},"end":{"line":49,"column":5}},{"start":{"line":52,"column":4},"end":{"line":63,"column":5}},{"start":{"line":66,"column":4},"end":{"line":77,"column":5}},{"start":{"line":79,"column":4},"end":{"line":80,"column":19}}],"line":19},"2":{"loc":{"start":{"line":38,"column":8},"end":{"line":46,"column":9}},"type":"if","locations":[{"start":{"line":38,"column":8},"end":{"line":46,"column":9}},{"start":{"line":38,"column":8},"end":{"line":46,"column":9}}],"line":38},"3":{"loc":{"start":{"line":68,"column":18},"end":{"line":70,"column":24}},"type":"cond-expr","locations":[{"start":{"line":69,"column":10},"end":{"line":69,"column":49}},{"start":{"line":70,"column":10},"end":{"line":70,"column":24}}],"line":68}},"s":{"0":6,"1":6,"2":19,"3":1,"4":1,"5":2,"6":2,"7":2,"8":2,"9":6,"10":6,"11":6,"12":3,"13":2,"14":1,"15":1,"16":1,"17":1,"18":2,"19":2,"20":2,"21":12},"f":{"0":19,"1":6},"b":{"0":[13],"1":[1,1,2,1,2,12],"2":[3,3],"3":[1,1]},"_coverageSchema":"1a1c01bbd47fc00a2c39e90264f33305004495a9","hash":"7cda853cc0d789c4b7c1158f3c83b53f4bbafe2c"}
,"D:\\Upwork\\Sandeep\\marsRover\\src\\reducers\\helpers\\roverHelpers.js": {"path":"D:\\Upwork\\Sandeep\\marsRover\\src\\reducers\\helpers\\roverHelpers.js","statementMap":{"0":{"start":{"line":5,"column":33},"end":{"line":19,"column":1}},"1":{"start":{"line":11,"column":2},"end":{"line":17,"column":3}},"2":{"start":{"line":12,"column":4},"end":{"line":16,"column":6}},"3":{"start":{"line":18,"column":2},"end":{"line":18,"column":63}},"4":{"start":{"line":22,"column":32},"end":{"line":114,"column":1}},"5":{"start":{"line":29,"column":22},"end":{"line":29,"column":36}},"6":{"start":{"line":30,"column":21},"end":{"line":30,"column":25}},"7":{"start":{"line":31,"column":2},"end":{"line":107,"column":3}},"8":{"start":{"line":33,"column":6},"end":{"line":56,"column":7}},"9":{"start":{"line":35,"column":10},"end":{"line":35,"column":44}},"10":{"start":{"line":36,"column":10},"end":{"line":36,"column":43}},"11":{"start":{"line":37,"column":10},"end":{"line":37,"column":16}},"12":{"start":{"line":40,"column":10},"end":{"line":40,"column":44}},"13":{"start":{"line":41,"column":10},"end":{"line":41,"column":43}},"14":{"start":{"line":42,"column":10},"end":{"line":42,"column":16}},"15":{"start":{"line":45,"column":10},"end":{"line":45,"column":44}},"16":{"start":{"line":46,"column":10},"end":{"line":46,"column":43}},"17":{"start":{"line":47,"column":10},"end":{"line":47,"column":16}},"18":{"start":{"line":50,"column":10},"end":{"line":50,"column":44}},"19":{"start":{"line":51,"column":10},"end":{"line":51,"column":43}},"20":{"start":{"line":52,"column":10},"end":{"line":52,"column":16}},"21":{"start":{"line":55,"column":10},"end":{"line":55,"column":23}},"22":{"start":{"line":57,"column":6},"end":{"line":57,"column":12}},"23":{"start":{"line":60,"column":6},"end":{"line":79,"column":7}},"24":{"start":{"line":62,"column":10},"end":{"line":62,"column":43}},"25":{"start":{"line":63,"column":10},"end":{"line":63,"column":16}},"26":{"start":{"line":66,"column":10},"end":{"line":66,"column":43}},"27":{"start":{"line":67,"column":10},"end":{"line":67,"column":16}},"28":{"start":{"line":70,"column":10},"end":{"line":70,"column":43}},"29":{"start":{"line":71,"column":10},"end":{"line":71,"column":16}},"30":{"start":{"line":74,"column":10},"end":{"line":74,"column":43}},"31":{"start":{"line":75,"column":10},"end":{"line":75,"column":16}},"32":{"start":{"line":78,"column":10},"end":{"line":78,"column":23}},"33":{"start":{"line":80,"column":6},"end":{"line":80,"column":12}},"34":{"start":{"line":83,"column":6},"end":{"line":102,"column":7}},"35":{"start":{"line":85,"column":10},"end":{"line":85,"column":43}},"36":{"start":{"line":86,"column":10},"end":{"line":86,"column":16}},"37":{"start":{"line":89,"column":10},"end":{"line":89,"column":43}},"38":{"start":{"line":90,"column":10},"end":{"line":90,"column":16}},"39":{"start":{"line":93,"column":10},"end":{"line":93,"column":43}},"40":{"start":{"line":94,"column":10},"end":{"line":94,"column":16}},"41":{"start":{"line":97,"column":10},"end":{"line":97,"column":43}},"42":{"start":{"line":98,"column":10},"end":{"line":98,"column":16}},"43":{"start":{"line":101,"column":10},"end":{"line":101,"column":23}},"44":{"start":{"line":103,"column":6},"end":{"line":103,"column":12}},"45":{"start":{"line":106,"column":6},"end":{"line":106,"column":19}},"46":{"start":{"line":108,"column":2},"end":{"line":113,"column":5}}},"fnMap":{"0":{"name":"(anonymous_0)","decl":{"start":{"line":5,"column":33},"end":{"line":5,"column":34}},"loc":{"start":{"line":10,"column":6},"end":{"line":19,"column":1}},"line":10},"1":{"name":"(anonymous_1)","decl":{"start":{"line":22,"column":32},"end":{"line":22,"column":33}},"loc":{"start":{"line":28,"column":6},"end":{"line":114,"column":1}},"line":28}},"branchMap":{"0":{"loc":{"start":{"line":11,"column":2},"end":{"line":17,"column":3}},"type":"if","locations":[{"start":{"line":11,"column":2},"end":{"line":17,"column":3}},{"start":{"line":11,"column":2},"end":{"line":17,"column":3}}],"line":11},"1":{"loc":{"start":{"line":31,"column":2},"end":{"line":107,"column":3}},"type":"switch","locations":[{"start":{"line":32,"column":4},"end":{"line":58,"column":5}},{"start":{"line":59,"column":4},"end":{"line":81,"column":5}},{"start":{"line":82,"column":4},"end":{"line":104,"column":5}},{"start":{"line":105,"column":4},"end":{"line":106,"column":19}}],"line":31},"2":{"loc":{"start":{"line":33,"column":6},"end":{"line":56,"column":7}},"type":"switch","locations":[{"start":{"line":34,"column":8},"end":{"line":38,"column":9}},{"start":{"line":39,"column":8},"end":{"line":43,"column":9}},{"start":{"line":44,"column":8},"end":{"line":48,"column":9}},{"start":{"line":49,"column":8},"end":{"line":53,"column":9}},{"start":{"line":54,"column":8},"end":{"line":55,"column":23}}],"line":33},"3":{"loc":{"start":{"line":60,"column":6},"end":{"line":79,"column":7}},"type":"switch","locations":[{"start":{"line":61,"column":8},"end":{"line":64,"column":9}},{"start":{"line":65,"column":8},"end":{"line":68,"column":9}},{"start":{"line":69,"column":8},"end":{"line":72,"column":9}},{"start":{"line":73,"column":8},"end":{"line":76,"column":9}},{"start":{"line":77,"column":8},"end":{"line":78,"column":23}}],"line":60},"4":{"loc":{"start":{"line":83,"column":6},"end":{"line":102,"column":7}},"type":"switch","locations":[{"start":{"line":84,"column":8},"end":{"line":87,"column":9}},{"start":{"line":88,"column":8},"end":{"line":91,"column":9}},{"start":{"line":92,"column":8},"end":{"line":95,"column":9}},{"start":{"line":96,"column":8},"end":{"line":99,"column":9}},{"start":{"line":100,"column":8},"end":{"line":101,"column":23}}],"line":83}},"s":{"0":7,"1":16,"2":16,"3":0,"4":7,"5":20,"6":20,"7":20,"8":9,"9":5,"10":5,"11":5,"12":1,"13":1,"14":1,"15":1,"16":1,"17":1,"18":1,"19":1,"20":1,"21":1,"22":8,"23":5,"24":1,"25":1,"26":1,"27":1,"28":1,"29":1,"30":1,"31":1,"32":1,"33":4,"34":5,"35":1,"36":1,"37":1,"38":1,"39":1,"40":1,"41":1,"42":1,"43":1,"44":4,"45":1,"46":16},"f":{"0":16,"1":20},"b":{"0":[16,0],"1":[9,5,5,1],"2":[5,1,1,1,1],"3":[1,1,1,1,1],"4":[1,1,1,1,1]},"_coverageSchema":"1a1c01bbd47fc00a2c39e90264f33305004495a9","hash":"300af29b3920dac64f190efb75671dbd115177c2"}
}
