{"D:\\Upwork\\Sandeep\\marsRover\\src\\actions\\actionTypes.js": {"path":"D:\\Upwork\\Sandeep\\marsRover\\src\\actions\\actionTypes.js","statementMap":{"0":{"start":{"line":1,"column":27},"end":{"line":1,"column":40}},"1":{"start":{"line":2,"column":38},"end":{"line":2,"column":62}},"2":{"start":{"line":3,"column":30},"end":{"line":3,"column":46}},"3":{"start":{"line":4,"column":30},"end":{"line":4,"column":46}},"4":{"start":{"line":5,"column":35},"end":{"line":5,"column":56}},"5":{"start":{"line":6,"column":34},"end":{"line":6,"column":54}}},"fnMap":{},"branchMap":{},"s":{"0":13,"1":13,"2":13,"3":13,"4":13,"5":13},"f":{},"b":{},"_coverageSchema":"1a1c01bbd47fc00a2c39e90264f33305004495a9","hash":"ea2b83d226d50dce6865b3f162ec5dac33b00cf7"}
,"D:\\Upwork\\Sandeep\\marsRover\\src\\actions\\obstaclesActions.js": {"path":"D:\\Upwork\\Sandeep\\marsRover\\src\\actions\\obstaclesActions.js","statementMap":{"0":{"start":{"line":3,"column":31},"end":{"line":8,"column":2}},"1":{"start":{"line":3,"column":45},"end":{"line":8,"column":1}}},"fnMap":{"0":{"name":"(anonymous_0)","decl":{"start":{"line":3,"column":31},"end":{"line":3,"column":32}},"loc":{"start":{"line":3,"column":45},"end":{"line":8,"column":1}},"line":3}},"branchMap":{},"s":{"0":2,"1":1},"f":{"0":1},"b":{},"_coverageSchema":"1a1c01bbd47fc00a2c39e90264f33305004495a9","hash":"f29714f4a7d256ca5b7f153efbf9cc9b86229767"}
,"D:\\Upwork\\Sandeep\\marsRover\\src\\actions\\roverActions.js": {"path":"D:\\Upwork\\Sandeep\\marsRover\\src\\actions\\roverActions.js","statementMap":{"0":{"start":{"line":3,"column":26},"end":{"line":5,"column":2}},"1":{"start":{"line":3,"column":33},"end":{"line":5,"column":1}},"2":{"start":{"line":7,"column":40},"end":{"line":18,"column":2}},"3":{"start":{"line":11,"column":7},"end":{"line":18,"column":1}},"4":{"start":{"line":20,"column":36},"end":{"line":27,"column":2}},"5":{"start":{"line":20,"column":79},"end":{"line":27,"column":1}},"6":{"start":{"line":29,"column":32},"end":{"line":34,"column":2}},"7":{"start":{"line":29,"column":45},"end":{"line":34,"column":1}}},"fnMap":{"0":{"name":"(anonymous_0)","decl":{"start":{"line":3,"column":26},"end":{"line":3,"column":27}},"loc":{"start":{"line":3,"column":33},"end":{"line":5,"column":1}},"line":3},"1":{"name":"(anonymous_1)","decl":{"start":{"line":7,"column":40},"end":{"line":7,"column":41}},"loc":{"start":{"line":11,"column":7},"end":{"line":18,"column":1}},"line":11},"2":{"name":"(anonymous_2)","decl":{"start":{"line":20,"column":36},"end":{"line":20,"column":37}},"loc":{"start":{"line":20,"column":79},"end":{"line":27,"column":1}},"line":20},"3":{"name":"(anonymous_3)","decl":{"start":{"line":29,"column":32},"end":{"line":29,"column":33}},"loc":{"start":{"line":29,"column":45},"end":{"line":34,"column":1}},"line":29}},"branchMap":{},"s":{"0":3,"1":1,"2":3,"3":1,"4":3,"5":1,"6":3,"7":1},"f":{"0":1,"1":1,"2":1,"3":1},"b":{},"_coverageSchema":"1a1c01bbd47fc00a2c39e90264f33305004495a9","hash":"a144d7608d782c5d16461b2ce614ce33d3ac6d49"}
,"D:\\Upwork\\Sandeep\\marsRover\\src\\common\\constants.js": {"path":"D:\\Upwork\\Sandeep\\marsRover\\src\\common\\constants.js","statementMap":{"0":{"start":{"line":1,"column":33},"end":{"line":1,"column":35}},"1":{"start":{"line":3,"column":31},"end":{"line":7,"column":1}},"2":{"start":{"line":9,"column":31},"end":{"line":14,"column":1}},"3":{"start":{"line":16,"column":30},"end":{"line":20,"column":1}}},"fnMap":{},"branchMap":{},"s":{"0":11,"1":11,"2":11,"3":11},"f":{},"b":{},"_coverageSchema":"1a1c01bbd47fc00a2c39e90264f33305004495a9","hash":"d31ace64366be1ffa0287022fa0fa28dfa5db39e"}
,"D:\\Upwork\\Sandeep\\marsRover\\src\\common\\helpers.js": {"path":"D:\\Upwork\\Sandeep\\marsRover\\src\\common\\helpers.js","statementMap":{"0":{"start":{"line":5,"column":31},"end":{"line":9,"column":25}},"1":{"start":{"line":6,"column":2},"end":{"line":9,"column":25}},"2":{"start":{"line":11,"column":30},"end":{"line":14,"column":10}},"3":{"start":{"line":12,"column":2},"end":{"line":14,"column":10}},"4":{"start":{"line":13,"column":16},"end":{"line":13,"column":76}},"5":{"start":{"line":16,"column":33},"end":{"line":31,"column":1}},"6":{"start":{"line":17,"column":2},"end":{"line":30,"column":3}},"7":{"start":{"line":19,"column":6},"end":{"line":19,"column":26}},"8":{"start":{"line":22,"column":6},"end":{"line":22,"column":26}},"9":{"start":{"line":25,"column":6},"end":{"line":25,"column":26}},"10":{"start":{"line":29,"column":6},"end":{"line":29,"column":26}},"11":{"start":{"line":33,"column":36},"end":{"line":55,"column":1}},"12":{"start":{"line":34,"column":22},"end":{"line":34,"column":24}},"13":{"start":{"line":35,"column":10},"end":{"line":35,"column":11}},"14":{"start":{"line":37,"column":2},"end":{"line":52,"column":3}},"15":{"start":{"line":38,"column":17},"end":{"line":38,"column":52}},"16":{"start":{"line":39,"column":17},"end":{"line":39,"column":52}},"17":{"start":{"line":40,"column":29},"end":{"line":42,"column":5}},"18":{"start":{"line":41,"column":18},"end":{"line":41,"column":60}},"19":{"start":{"line":44,"column":4},"end":{"line":51,"column":5}},"20":{"start":{"line":45,"column":6},"end":{"line":48,"column":9}},"21":{"start":{"line":50,"column":6},"end":{"line":50,"column":48}},"22":{"start":{"line":54,"column":2},"end":{"line":54,"column":35}},"23":{"start":{"line":57,"column":38},"end":{"line":66,"column":1}},"24":{"start":{"line":58,"column":24},"end":{"line":58,"column":53}},"25":{"start":{"line":59,"column":21},"end":{"line":59,"column":79}},"26":{"start":{"line":61,"column":2},"end":{"line":63,"column":3}},"27":{"start":{"line":62,"column":4},"end":{"line":62,"column":62}},"28":{"start":{"line":65,"column":2},"end":{"line":65,"column":23}},"29":{"start":{"line":68,"column":40},"end":{"line":79,"column":1}},"30":{"start":{"line":69,"column":2},"end":{"line":78,"column":3}},"31":{"start":{"line":71,"column":6},"end":{"line":71,"column":30}},"32":{"start":{"line":73,"column":6},"end":{"line":73,"column":30}},"33":{"start":{"line":75,"column":6},"end":{"line":75,"column":30}},"34":{"start":{"line":77,"column":6},"end":{"line":77,"column":18}},"35":{"start":{"line":81,"column":36},"end":{"line":86,"column":19}},"36":{"start":{"line":82,"column":2},"end":{"line":86,"column":19}},"37":{"start":{"line":85,"column":20},"end":{"line":85,"column":62}},"38":{"start":{"line":88,"column":33},"end":{"line":97,"column":1}},"39":{"start":{"line":93,"column":21},"end":{"line":93,"column":77}},"40":{"start":{"line":94,"column":23},"end":{"line":94,"column":64}},"41":{"start":{"line":96,"column":2},"end":{"line":96,"column":37}}},"fnMap":{"0":{"name":"(anonymous_0)","decl":{"start":{"line":5,"column":31},"end":{"line":5,"column":32}},"loc":{"start":{"line":6,"column":2},"end":{"line":9,"column":25}},"line":6},"1":{"name":"(anonymous_1)","decl":{"start":{"line":11,"column":30},"end":{"line":11,"column":31}},"loc":{"start":{"line":12,"column":2},"end":{"line":14,"column":10}},"line":12},"2":{"name":"(anonymous_2)","decl":{"start":{"line":13,"column":4},"end":{"line":13,"column":5}},"loc":{"start":{"line":13,"column":16},"end":{"line":13,"column":76}},"line":13},"3":{"name":"(anonymous_3)","decl":{"start":{"line":16,"column":33},"end":{"line":16,"column":34}},"loc":{"start":{"line":16,"column":46},"end":{"line":31,"column":1}},"line":16},"4":{"name":"(anonymous_4)","decl":{"start":{"line":33,"column":36},"end":{"line":33,"column":37}},"loc":{"start":{"line":33,"column":73},"end":{"line":55,"column":1}},"line":33},"5":{"name":"(anonymous_5)","decl":{"start":{"line":41,"column":6},"end":{"line":41,"column":7}},"loc":{"start":{"line":41,"column":18},"end":{"line":41,"column":60}},"line":41},"6":{"name":"(anonymous_6)","decl":{"start":{"line":57,"column":38},"end":{"line":57,"column":39}},"loc":{"start":{"line":57,"column":70},"end":{"line":66,"column":1}},"line":57},"7":{"name":"(anonymous_7)","decl":{"start":{"line":68,"column":40},"end":{"line":68,"column":41}},"loc":{"start":{"line":68,"column":48},"end":{"line":79,"column":1}},"line":68},"8":{"name":"(anonymous_8)","decl":{"start":{"line":81,"column":36},"end":{"line":81,"column":37}},"loc":{"start":{"line":82,"column":2},"end":{"line":86,"column":19}},"line":82},"9":{"name":"(anonymous_9)","decl":{"start":{"line":85,"column":12},"end":{"line":85,"column":13}},"loc":{"start":{"line":85,"column":20},"end":{"line":85,"column":62}},"line":85},"10":{"name":"(anonymous_10)","decl":{"start":{"line":88,"column":33},"end":{"line":88,"column":34}},"loc":{"start":{"line":92,"column":6},"end":{"line":97,"column":1}},"line":92}},"branchMap":{"0":{"loc":{"start":{"line":6,"column":2},"end":{"line":9,"column":25}},"type":"binary-expr","locations":[{"start":{"line":6,"column":2},"end":{"line":6,"column":20}},{"start":{"line":7,"column":2},"end":{"line":7,"column":25}},{"start":{"line":8,"column":2},"end":{"line":8,"column":20}},{"start":{"line":9,"column":2},"end":{"line":9,"column":25}}],"line":6},"1":{"loc":{"start":{"line":13,"column":16},"end":{"line":13,"column":76}},"type":"binary-expr","locations":[{"start":{"line":13,"column":16},"end":{"line":13,"column":44}},{"start":{"line":13,"column":48},"end":{"line":13,"column":76}}],"line":13},"2":{"loc":{"start":{"line":17,"column":2},"end":{"line":30,"column":3}},"type":"switch","locations":[{"start":{"line":18,"column":4},"end":{"line":19,"column":26}},{"start":{"line":21,"column":4},"end":{"line":22,"column":26}},{"start":{"line":24,"column":4},"end":{"line":25,"column":26}},{"start":{"line":27,"column":4},"end":{"line":27,"column":27}},{"start":{"line":28,"column":4},"end":{"line":29,"column":26}}],"line":17},"3":{"loc":{"start":{"line":33,"column":47},"end":{"line":33,"column":68}},"type":"default-arg","locations":[{"start":{"line":33,"column":67},"end":{"line":33,"column":68}}],"line":33},"4":{"loc":{"start":{"line":41,"column":18},"end":{"line":41,"column":60}},"type":"binary-expr","locations":[{"start":{"line":41,"column":18},"end":{"line":41,"column":37}},{"start":{"line":41,"column":41},"end":{"line":41,"column":60}}],"line":41},"5":{"loc":{"start":{"line":44,"column":4},"end":{"line":51,"column":5}},"type":"if","locations":[{"start":{"line":44,"column":4},"end":{"line":51,"column":5}},{"start":{"line":44,"column":4},"end":{"line":51,"column":5}}],"line":44},"6":{"loc":{"start":{"line":61,"column":2},"end":{"line":63,"column":3}},"type":"if","locations":[{"start":{"line":61,"column":2},"end":{"line":63,"column":3}},{"start":{"line":61,"column":2},"end":{"line":63,"column":3}}],"line":61},"7":{"loc":{"start":{"line":69,"column":2},"end":{"line":78,"column":3}},"type":"switch","locations":[{"start":{"line":70,"column":4},"end":{"line":71,"column":30}},{"start":{"line":72,"column":4},"end":{"line":73,"column":30}},{"start":{"line":74,"column":4},"end":{"line":75,"column":30}},{"start":{"line":76,"column":4},"end":{"line":77,"column":18}}],"line":69},"8":{"loc":{"start":{"line":82,"column":2},"end":{"line":86,"column":19}},"type":"binary-expr","locations":[{"start":{"line":82,"column":2},"end":{"line":86,"column":13}},{"start":{"line":86,"column":17},"end":{"line":86,"column":19}}],"line":82},"9":{"loc":{"start":{"line":96,"column":9},"end":{"line":96,"column":36}},"type":"binary-expr","locations":[{"start":{"line":96,"column":9},"end":{"line":96,"column":20}},{"start":{"line":96,"column":24},"end":{"line":96,"column":36}}],"line":96}},"s":{"0":11,"1":20,"2":11,"3":23,"4":6,"5":11,"6":7,"7":1,"8":3,"9":1,"10":2,"11":11,"12":5,"13":5,"14":5,"15":7,"16":7,"17":7,"18":2,"19":7,"20":6,"21":1,"22":5,"23":11,"24":3,"25":3,"26":3,"27":1,"28":2,"29":11,"30":6,"31":1,"32":1,"33":3,"34":1,"35":11,"36":4,"37":18,"38":11,"39":20,"40":20,"41":20},"f":{"0":20,"1":23,"2":6,"3":7,"4":5,"5":2,"6":3,"7":6,"8":4,"9":18,"10":20},"b":{"0":[20,20,20,20],"1":[6,5],"2":[1,3,1,1,2],"3":[4],"4":[2,1],"5":[6,1],"6":[1,2],"7":[1,1,3,1],"8":[4,3],"9":[20,17]},"_coverageSchema":"1a1c01bbd47fc00a2c39e90264f33305004495a9","hash":"b55552473f778863402a0e7726314342279098e6"}
,"D:\\Upwork\\Sandeep\\marsRover\\src\\common\\testHelpers.js": {"path":"D:\\Upwork\\Sandeep\\marsRover\\src\\common\\testHelpers.js","statementMap":{"0":{"start":{"line":3,"column":29},"end":{"line":10,"column":1}},"1":{"start":{"line":4,"column":39},"end":{"line":4,"column":44}},"2":{"start":{"line":5,"column":2},"end":{"line":9,"column":4}}},"fnMap":{"0":{"name":"(anonymous_0)","decl":{"start":{"line":3,"column":29},"end":{"line":3,"column":30}},"loc":{"start":{"line":3,"column":46},"end":{"line":10,"column":1}},"line":3}},"branchMap":{},"s":{"0":2,"1":34,"2":34},"f":{"0":34},"b":{},"_coverageSchema":"1a1c01bbd47fc00a2c39e90264f33305004495a9","hash":"f23363cc49fb1be36ef147734968e4d506aa908f"}
,"D:\\Upwork\\Sandeep\\marsRover\\src\\components\\Actions.js": {"path":"D:\\Upwork\\Sandeep\\marsRover\\src\\components\\Actions.js","statementMap":{"0":{"start":{"line":6,"column":16},"end":{"line":10,"column":1}},"1":{"start":{"line":7,"column":2},"end":{"line":9,"column":8}},"2":{"start":{"line":12,"column":22},"end":{"line":23,"column":1}}},"fnMap":{"0":{"name":"(anonymous_0)","decl":{"start":{"line":6,"column":16},"end":{"line":6,"column":17}},"loc":{"start":{"line":7,"column":2},"end":{"line":9,"column":8}},"line":7}},"branchMap":{},"s":{"0":1,"1":2,"2":1},"f":{"0":2},"b":{},"_coverageSchema":"1a1c01bbd47fc00a2c39e90264f33305004495a9","hash":"4d3c451304329c5fa012d69d8738c5f3151683f4"}
,"D:\\Upwork\\Sandeep\\marsRover\\src\\components\\Grid.js": {"path":"D:\\Upwork\\Sandeep\\marsRover\\src\\components\\Grid.js","statementMap":{"0":{"start":{"line":8,"column":13},"end":{"line":75,"column":1}},"1":{"start":{"line":14,"column":21},"end":{"line":72,"column":3}},"2":{"start":{"line":15,"column":22},"end":{"line":15,"column":24}},"3":{"start":{"line":16,"column":20},"end":{"line":16,"column":21}},"4":{"start":{"line":17,"column":17},"end":{"line":17,"column":18}},"5":{"start":{"line":18,"column":16},"end":{"line":18,"column":17}},"6":{"start":{"line":19,"column":31},"end":{"line":19,"column":45}},"7":{"start":{"line":20,"column":4},"end":{"line":69,"column":5}},"8":{"start":{"line":21,"column":21},"end":{"line":21,"column":22}},"9":{"start":{"line":22,"column":23},"end":{"line":22,"column":25}},"10":{"start":{"line":24,"column":6},"end":{"line":62,"column":7}},"11":{"start":{"line":25,"column":28},"end":{"line":25,"column":36}},"12":{"start":{"line":26,"column":28},"end":{"line":26,"column":40}},"13":{"start":{"line":27,"column":19},"end":{"line":27,"column":50}},"14":{"start":{"line":28,"column":25},"end":{"line":28,"column":30}},"15":{"start":{"line":29,"column":30},"end":{"line":29,"column":35}},"16":{"start":{"line":31,"column":8},"end":{"line":41,"column":9}},"17":{"start":{"line":32,"column":10},"end":{"line":32,"column":33}},"18":{"start":{"line":33,"column":15},"end":{"line":41,"column":9}},"19":{"start":{"line":34,"column":32},"end":{"line":36,"column":11}},"20":{"start":{"line":35,"column":24},"end":{"line":35,"column":80}},"21":{"start":{"line":37,"column":10},"end":{"line":40,"column":11}},"22":{"start":{"line":38,"column":12},"end":{"line":38,"column":30}},"23":{"start":{"line":39,"column":12},"end":{"line":39,"column":56}},"24":{"start":{"line":43,"column":8},"end":{"line":61,"column":10}},"25":{"start":{"line":64,"column":6},"end":{"line":68,"column":8}},"26":{"start":{"line":71,"column":4},"end":{"line":71,"column":21}},"27":{"start":{"line":74,"column":2},"end":{"line":74,"column":75}},"28":{"start":{"line":74,"column":62},"end":{"line":74,"column":66}},"29":{"start":{"line":77,"column":19},"end":{"line":143,"column":1}},"30":{"start":{"line":145,"column":24},"end":{"line":149,"column":2}},"31":{"start":{"line":145,"column":34},"end":{"line":149,"column":1}}},"fnMap":{"0":{"name":"(anonymous_0)","decl":{"start":{"line":8,"column":13},"end":{"line":8,"column":14}},"loc":{"start":{"line":13,"column":6},"end":{"line":75,"column":1}},"line":13},"1":{"name":"(anonymous_1)","decl":{"start":{"line":14,"column":21},"end":{"line":14,"column":22}},"loc":{"start":{"line":14,"column":27},"end":{"line":72,"column":3}},"line":14},"2":{"name":"(anonymous_2)","decl":{"start":{"line":35,"column":12},"end":{"line":35,"column":13}},"loc":{"start":{"line":35,"column":24},"end":{"line":35,"column":80}},"line":35},"3":{"name":"(anonymous_3)","decl":{"start":{"line":74,"column":54},"end":{"line":74,"column":55}},"loc":{"start":{"line":74,"column":62},"end":{"line":74,"column":66}},"line":74},"4":{"name":"(anonymous_4)","decl":{"start":{"line":145,"column":24},"end":{"line":145,"column":25}},"loc":{"start":{"line":145,"column":34},"end":{"line":149,"column":1}},"line":145}},"branchMap":{"0":{"loc":{"start":{"line":31,"column":8},"end":{"line":41,"column":9}},"type":"if","locations":[{"start":{"line":31,"column":8},"end":{"line":41,"column":9}},{"start":{"line":31,"column":8},"end":{"line":41,"column":9}}],"line":31},"1":{"loc":{"start":{"line":31,"column":12},"end":{"line":31,"column":68}},"type":"binary-expr","locations":[{"start":{"line":31,"column":12},"end":{"line":31,"column":38}},{"start":{"line":31,"column":42},"end":{"line":31,"column":68}}],"line":31},"2":{"loc":{"start":{"line":33,"column":15},"end":{"line":41,"column":9}},"type":"if","locations":[{"start":{"line":33,"column":15},"end":{"line":41,"column":9}},{"start":{"line":33,"column":15},"end":{"line":41,"column":9}}],"line":33},"3":{"loc":{"start":{"line":35,"column":24},"end":{"line":35,"column":80}},"type":"binary-expr","locations":[{"start":{"line":35,"column":24},"end":{"line":35,"column":50}},{"start":{"line":35,"column":54},"end":{"line":35,"column":80}}],"line":35},"4":{"loc":{"start":{"line":37,"column":10},"end":{"line":40,"column":11}},"type":"if","locations":[{"start":{"line":37,"column":10},"end":{"line":40,"column":11}},{"start":{"line":37,"column":10},"end":{"line":40,"column":11}}],"line":37},"5":{"loc":{"start":{"line":46,"column":14},"end":{"line":50,"column":20}},"type":"cond-expr","locations":[{"start":{"line":47,"column":18},"end":{"line":47,"column":37}},{"start":{"line":48,"column":18},"end":{"line":50,"column":20}}],"line":46},"6":{"loc":{"start":{"line":48,"column":18},"end":{"line":50,"column":20}},"type":"cond-expr","locations":[{"start":{"line":49,"column":18},"end":{"line":49,"column":40}},{"start":{"line":50,"column":18},"end":{"line":50,"column":20}}],"line":48},"7":{"loc":{"start":{"line":55,"column":13},"end":{"line":59,"column":13}},"type":"cond-expr","locations":[{"start":{"line":56,"column":14},"end":{"line":56,"column":80}},{"start":{"line":58,"column":14},"end":{"line":58,"column":16}}],"line":55}},"s":{"0":1,"1":2,"2":2,"3":2,"4":2,"5":2,"6":2,"7":2,"8":12,"9":12,"10":12,"11":132,"12":132,"13":132,"14":132,"15":132,"16":132,"17":2,"18":130,"19":92,"20":242,"21":92,"22":10,"23":10,"24":132,"25":12,"26":2,"27":2,"28":12,"29":1,"30":1,"31":2},"f":{"0":2,"1":2,"2":242,"3":12,"4":2},"b":{"0":[2,130],"1":[132,12],"2":[92,38],"3":[242,28],"4":[10,82],"5":[2,130],"6":[10,120],"7":[2,130]},"_coverageSchema":"1a1c01bbd47fc00a2c39e90264f33305004495a9","hash":"e51c2c9b176c1914b36638182246327597cb2bd1"}
,"D:\\Upwork\\Sandeep\\marsRover\\src\\components\\InstructionsForm.js": {"path":"D:\\Upwork\\Sandeep\\marsRover\\src\\components\\InstructionsForm.js","statementMap":{"0":{"start":{"line":10,"column":25},"end":{"line":68,"column":1}},"1":{"start":{"line":16,"column":19},"end":{"line":16,"column":31}},"2":{"start":{"line":17,"column":27},"end":{"line":32,"column":3}},"3":{"start":{"line":19,"column":6},"end":{"line":19,"column":29}},"4":{"start":{"line":20,"column":25},"end":{"line":20,"column":59}},"5":{"start":{"line":21,"column":27},"end":{"line":21,"column":59}},"6":{"start":{"line":23,"column":6},"end":{"line":23,"column":44}},"7":{"start":{"line":24,"column":6},"end":{"line":28,"column":9}},"8":{"start":{"line":29,"column":6},"end":{"line":29,"column":34}},"9":{"start":{"line":34,"column":2},"end":{"line":67,"column":4}},"10":{"start":{"line":70,"column":31},"end":{"line":96,"column":1}},"11":{"start":{"line":98,"column":24},"end":{"line":101,"column":2}},"12":{"start":{"line":98,"column":34},"end":{"line":101,"column":1}}},"fnMap":{"0":{"name":"(anonymous_0)","decl":{"start":{"line":10,"column":25},"end":{"line":10,"column":26}},"loc":{"start":{"line":15,"column":6},"end":{"line":68,"column":1}},"line":15},"1":{"name":"(anonymous_1)","decl":{"start":{"line":18,"column":4},"end":{"line":18,"column":5}},"loc":{"start":{"line":18,"column":13},"end":{"line":30,"column":5}},"line":18},"2":{"name":"(anonymous_2)","decl":{"start":{"line":98,"column":24},"end":{"line":98,"column":25}},"loc":{"start":{"line":98,"column":34},"end":{"line":101,"column":1}},"line":98}},"branchMap":{},"s":{"0":1,"1":3,"2":3,"3":1,"4":1,"5":1,"6":1,"7":1,"8":1,"9":3,"10":1,"11":1,"12":3},"f":{"0":3,"1":1,"2":3},"b":{},"_coverageSchema":"1a1c01bbd47fc00a2c39e90264f33305004495a9","hash":"203c82f66f18265c528a755c99c919a9a50d6c8a"}
,"D:\\Upwork\\Sandeep\\marsRover\\src\\components\\LogPosition.js": {"path":"D:\\Upwork\\Sandeep\\marsRover\\src\\components\\LogPosition.js","statementMap":{"0":{"start":{"line":7,"column":19},"end":{"line":12,"column":1}},"1":{"start":{"line":8,"column":2},"end":{"line":10,"column":3}},"2":{"start":{"line":9,"column":4},"end":{"line":9,"column":20}},"3":{"start":{"line":11,"column":2},"end":{"line":11,"column":42}},"4":{"start":{"line":14,"column":20},"end":{"line":47,"column":1}},"5":{"start":{"line":15,"column":2},"end":{"line":46,"column":4}},"6":{"start":{"line":35,"column":14},"end":{"line":40,"column":18}},"7":{"start":{"line":49,"column":26},"end":{"line":84,"column":1}},"8":{"start":{"line":86,"column":24},"end":{"line":88,"column":2}},"9":{"start":{"line":86,"column":34},"end":{"line":88,"column":1}}},"fnMap":{"0":{"name":"(anonymous_0)","decl":{"start":{"line":7,"column":19},"end":{"line":7,"column":20}},"loc":{"start":{"line":7,"column":31},"end":{"line":12,"column":1}},"line":7},"1":{"name":"(anonymous_1)","decl":{"start":{"line":14,"column":20},"end":{"line":14,"column":21}},"loc":{"start":{"line":14,"column":75},"end":{"line":47,"column":1}},"line":14},"2":{"name":"(anonymous_2)","decl":{"start":{"line":34,"column":21},"end":{"line":34,"column":22}},"loc":{"start":{"line":35,"column":14},"end":{"line":40,"column":18}},"line":35},"3":{"name":"(anonymous_3)","decl":{"start":{"line":86,"column":24},"end":{"line":86,"column":25}},"loc":{"start":{"line":86,"column":34},"end":{"line":88,"column":1}},"line":86}},"branchMap":{"0":{"loc":{"start":{"line":8,"column":2},"end":{"line":10,"column":3}},"type":"if","locations":[{"start":{"line":8,"column":2},"end":{"line":10,"column":3}},{"start":{"line":8,"column":2},"end":{"line":10,"column":3}}],"line":8},"1":{"loc":{"start":{"line":17,"column":7},"end":{"line":24,"column":7}},"type":"binary-expr","locations":[{"start":{"line":17,"column":7},"end":{"line":17,"column":14}},{"start":{"line":18,"column":8},"end":{"line":23,"column":14}}],"line":17},"2":{"loc":{"start":{"line":30,"column":7},"end":{"line":44,"column":7}},"type":"binary-expr","locations":[{"start":{"line":30,"column":7},"end":{"line":30,"column":19}},{"start":{"line":31,"column":8},"end":{"line":43,"column":11}}],"line":30},"3":{"loc":{"start":{"line":37,"column":27},"end":{"line":37,"column":74}},"type":"binary-expr","locations":[{"start":{"line":37,"column":27},"end":{"line":37,"column":55}},{"start":{"line":37,"column":59},"end":{"line":37,"column":74}}],"line":37}},"s":{"0":1,"1":6,"2":2,"3":4,"4":1,"5":2,"6":6,"7":1,"8":1,"9":2},"f":{"0":6,"1":2,"2":6,"3":2},"b":{"0":[2,4],"1":[2,2],"2":[2,2],"3":[6,2]},"_coverageSchema":"1a1c01bbd47fc00a2c39e90264f33305004495a9","hash":"6b5825514d16b204663ef621ff8698b962d79971"}
,"D:\\Upwork\\Sandeep\\marsRover\\src\\components\\Title.js": {"path":"D:\\Upwork\\Sandeep\\marsRover\\src\\components\\Title.js","statementMap":{"0":{"start":{"line":4,"column":14},"end":{"line":6,"column":1}},"1":{"start":{"line":5,"column":2},"end":{"line":5,"column":51}},"2":{"start":{"line":8,"column":20},"end":{"line":10,"column":1}}},"fnMap":{"0":{"name":"(anonymous_0)","decl":{"start":{"line":4,"column":14},"end":{"line":4,"column":15}},"loc":{"start":{"line":5,"column":2},"end":{"line":5,"column":51}},"line":5}},"branchMap":{},"s":{"0":1,"1":2,"2":1},"f":{"0":2},"b":{},"_coverageSchema":"1a1c01bbd47fc00a2c39e90264f33305004495a9","hash":"1f0b3f152db2f1a37b9dca7f2489775ea46cab53"}
,"D:\\Upwork\\Sandeep\\marsRover\\src\\components\\library\\Button.js": {"path":"D:\\Upwork\\Sandeep\\marsRover\\src\\components\\library\\Button.js","statementMap":{"0":{"start":{"line":4,"column":15},"end":{"line":6,"column":1}},"1":{"start":{"line":5,"column":2},"end":{"line":5,"column":45}},"2":{"start":{"line":8,"column":21},"end":{"line":10,"column":1}}},"fnMap":{"0":{"name":"(anonymous_0)","decl":{"start":{"line":4,"column":15},"end":{"line":4,"column":16}},"loc":{"start":{"line":5,"column":2},"end":{"line":5,"column":45}},"line":5}},"branchMap":{},"s":{"0":1,"1":2,"2":1},"f":{"0":2},"b":{},"_coverageSchema":"1a1c01bbd47fc00a2c39e90264f33305004495a9","hash":"d100ccadea7487347ca1c3704008c20302e33b0c"}
,"D:\\Upwork\\Sandeep\\marsRover\\src\\components\\library\\Input.js": {"path":"D:\\Upwork\\Sandeep\\marsRover\\src\\components\\library\\Input.js","statementMap":{"0":{"start":{"line":4,"column":14},"end":{"line":4,"column":78}},"1":{"start":{"line":4,"column":47},"end":{"line":4,"column":77}},"2":{"start":{"line":6,"column":29},"end":{"line":14,"column":1}},"3":{"start":{"line":7,"column":2},"end":{"line":13,"column":3}},"4":{"start":{"line":10,"column":6},"end":{"line":10,"column":32}},"5":{"start":{"line":12,"column":6},"end":{"line":12,"column":16}},"6":{"start":{"line":16,"column":20},"end":{"line":18,"column":1}},"7":{"start":{"line":17,"column":18},"end":{"line":17,"column":44}}},"fnMap":{"0":{"name":"(anonymous_0)","decl":{"start":{"line":4,"column":31},"end":{"line":4,"column":32}},"loc":{"start":{"line":4,"column":47},"end":{"line":4,"column":77}},"line":4},"1":{"name":"(anonymous_1)","decl":{"start":{"line":6,"column":29},"end":{"line":6,"column":30}},"loc":{"start":{"line":6,"column":37},"end":{"line":14,"column":1}},"line":6},"2":{"name":"(anonymous_2)","decl":{"start":{"line":17,"column":4},"end":{"line":17,"column":5}},"loc":{"start":{"line":17,"column":18},"end":{"line":17,"column":44}},"line":17}},"branchMap":{"0":{"loc":{"start":{"line":7,"column":2},"end":{"line":13,"column":3}},"type":"switch","locations":[{"start":{"line":8,"column":4},"end":{"line":8,"column":18}},{"start":{"line":9,"column":4},"end":{"line":10,"column":32}},{"start":{"line":11,"column":4},"end":{"line":12,"column":16}}],"line":7}},"s":{"0":2,"1":13,"2":2,"3":13,"4":8,"5":5,"6":2,"7":13},"f":{"0":13,"1":13,"2":13},"b":{"0":[4,8,5]},"_coverageSchema":"1a1c01bbd47fc00a2c39e90264f33305004495a9","hash":"a88cd28dbe2f662adf3b724723de90e97aa49a1c"}
,"D:\\Upwork\\Sandeep\\marsRover\\src\\pages\\Home.js": {"path":"D:\\Upwork\\Sandeep\\marsRover\\src\\pages\\Home.js","statementMap":{"0":{"start":{"line":15,"column":13},"end":{"line":68,"column":1}},"1":{"start":{"line":24,"column":2},"end":{"line":29,"column":48}},"2":{"start":{"line":25,"column":33},"end":{"line":25,"column":78}},"3":{"start":{"line":26,"column":26},"end":{"line":26,"column":76}},"4":{"start":{"line":27,"column":4},"end":{"line":27,"column":42}},"5":{"start":{"line":28,"column":4},"end":{"line":28,"column":36}},"6":{"start":{"line":31,"column":2},"end":{"line":45,"column":57}},"7":{"start":{"line":32,"column":26},"end":{"line":42,"column":5}},"8":{"start":{"line":33,"column":23},"end":{"line":33,"column":28}},"9":{"start":{"line":34,"column":6},"end":{"line":41,"column":7}},"10":{"start":{"line":38,"column":10},"end":{"line":38,"column":76}},"11":{"start":{"line":40,"column":10},"end":{"line":40,"column":22}},"12":{"start":{"line":43,"column":4},"end":{"line":43,"column":56}},"13":{"start":{"line":44,"column":4},"end":{"line":44,"column":72}},"14":{"start":{"line":44,"column":17},"end":{"line":44,"column":71}},"15":{"start":{"line":47,"column":2},"end":{"line":51,"column":19}},"16":{"start":{"line":48,"column":4},"end":{"line":50,"column":6}},"17":{"start":{"line":49,"column":6},"end":{"line":49,"column":19}},"18":{"start":{"line":53,"column":2},"end":{"line":67,"column":4}},"19":{"start":{"line":70,"column":19},"end":{"line":98,"column":1}},"20":{"start":{"line":100,"column":24},"end":{"line":103,"column":2}},"21":{"start":{"line":100,"column":34},"end":{"line":103,"column":1}}},"fnMap":{"0":{"name":"(anonymous_0)","decl":{"start":{"line":15,"column":13},"end":{"line":15,"column":14}},"loc":{"start":{"line":23,"column":6},"end":{"line":68,"column":1}},"line":23},"1":{"name":"(anonymous_1)","decl":{"start":{"line":24,"column":12},"end":{"line":24,"column":13}},"loc":{"start":{"line":24,"column":18},"end":{"line":29,"column":3}},"line":24},"2":{"name":"(anonymous_2)","decl":{"start":{"line":31,"column":12},"end":{"line":31,"column":13}},"loc":{"start":{"line":31,"column":18},"end":{"line":45,"column":3}},"line":31},"3":{"name":"(anonymous_3)","decl":{"start":{"line":32,"column":26},"end":{"line":32,"column":27}},"loc":{"start":{"line":32,"column":35},"end":{"line":42,"column":5}},"line":32},"4":{"name":"(anonymous_4)","decl":{"start":{"line":44,"column":11},"end":{"line":44,"column":12}},"loc":{"start":{"line":44,"column":17},"end":{"line":44,"column":71}},"line":44},"5":{"name":"(anonymous_5)","decl":{"start":{"line":47,"column":12},"end":{"line":47,"column":13}},"loc":{"start":{"line":47,"column":18},"end":{"line":51,"column":3}},"line":47},"6":{"name":"(anonymous_6)","decl":{"start":{"line":48,"column":11},"end":{"line":48,"column":12}},"loc":{"start":{"line":48,"column":17},"end":{"line":50,"column":5}},"line":48},"7":{"name":"(anonymous_7)","decl":{"start":{"line":100,"column":24},"end":{"line":100,"column":25}},"loc":{"start":{"line":100,"column":34},"end":{"line":103,"column":1}},"line":100}},"branchMap":{"0":{"loc":{"start":{"line":34,"column":6},"end":{"line":41,"column":7}},"type":"switch","locations":[{"start":{"line":35,"column":8},"end":{"line":35,"column":31}},{"start":{"line":36,"column":8},"end":{"line":36,"column":31}},{"start":{"line":37,"column":8},"end":{"line":38,"column":76}},{"start":{"line":39,"column":8},"end":{"line":40,"column":22}}],"line":34}},"s":{"0":1,"1":8,"2":8,"3":8,"4":8,"5":8,"6":8,"7":8,"8":4,"9":4,"10":3,"11":1,"12":8,"13":8,"14":8,"15":8,"16":8,"17":8,"18":8,"19":1,"20":1,"21":8},"f":{"0":8,"1":8,"2":8,"3":4,"4":8,"5":8,"6":8,"7":8},"b":{"0":[1,2,3,1]},"_coverageSchema":"1a1c01bbd47fc00a2c39e90264f33305004495a9","hash":"2d41fbda69c69f69f40233529db65beb6358987c"}
,"D:\\Upwork\\Sandeep\\marsRover\\src\\reducers\\grid.js": {"path":"D:\\Upwork\\Sandeep\\marsRover\\src\\reducers\\grid.js","statementMap":{"0":{"start":{"line":3,"column":21},"end":{"line":3,"column":37}},"1":{"start":{"line":5,"column":13},"end":{"line":13,"column":1}},"2":{"start":{"line":6,"column":2},"end":{"line":12,"column":3}},"3":{"start":{"line":8,"column":6},"end":{"line":8,"column":26}},"4":{"start":{"line":11,"column":6},"end":{"line":11,"column":19}}},"fnMap":{"0":{"name":"(anonymous_0)","decl":{"start":{"line":5,"column":13},"end":{"line":5,"column":14}},"loc":{"start":{"line":5,"column":47},"end":{"line":13,"column":1}},"line":5}},"branchMap":{"0":{"loc":{"start":{"line":5,"column":14},"end":{"line":5,"column":34}},"type":"default-arg","locations":[{"start":{"line":5,"column":22},"end":{"line":5,"column":34}}],"line":5},"1":{"loc":{"start":{"line":6,"column":2},"end":{"line":12,"column":3}},"type":"switch","locations":[{"start":{"line":7,"column":4},"end":{"line":8,"column":26}},{"start":{"line":10,"column":4},"end":{"line":11,"column":19}}],"line":6}},"s":{"0":6,"1":6,"2":13,"3":1,"4":12},"f":{"0":13},"b":{"0":[13],"1":[1,12]},"_coverageSchema":"1a1c01bbd47fc00a2c39e90264f33305004495a9","hash":"dd95a0183fae2c119d0adcdb8e9de202e6c97089"}
,"D:\\Upwork\\Sandeep\\marsRover\\src\\reducers\\index.js": {"path":"D:\\Upwork\\Sandeep\\marsRover\\src\\reducers\\index.js","statementMap":{"0":{"start":{"line":7,"column":17},"end":{"line":11,"column":1}},"1":{"start":{"line":13,"column":23},"end":{"line":13,"column":42}},"2":{"start":{"line":13,"column":32},"end":{"line":13,"column":42}},"3":{"start":{"line":14,"column":28},"end":{"line":14,"column":52}},"4":{"start":{"line":14,"column":37},"end":{"line":14,"column":52}},"5":{"start":{"line":15,"column":24},"end":{"line":15,"column":44}},"6":{"start":{"line":15,"column":33},"end":{"line":15,"column":44}}},"fnMap":{"0":{"name":"(anonymous_0)","decl":{"start":{"line":13,"column":23},"end":{"line":13,"column":24}},"loc":{"start":{"line":13,"column":32},"end":{"line":13,"column":42}},"line":13},"1":{"name":"(anonymous_1)","decl":{"start":{"line":14,"column":28},"end":{"line":14,"column":29}},"loc":{"start":{"line":14,"column":37},"end":{"line":14,"column":52}},"line":14},"2":{"name":"(anonymous_2)","decl":{"start":{"line":15,"column":24},"end":{"line":15,"column":25}},"loc":{"start":{"line":15,"column":33},"end":{"line":15,"column":44}},"line":15}},"branchMap":{},"s":{"0":5,"1":5,"2":1,"3":5,"4":1,"5":5,"6":1},"f":{"0":1,"1":1,"2":1},"b":{},"_coverageSchema":"1a1c01bbd47fc00a2c39e90264f33305004495a9","hash":"2745877132cc2c22888b52875b44af18de043452"}
,"D:\\Upwork\\Sandeep\\marsRover\\src\\reducers\\obstacles.js": {"path":"D:\\Upwork\\Sandeep\\marsRover\\src\\reducers\\obstacles.js","statementMap":{"0":{"start":{"line":3,"column":21},"end":{"line":3,"column":23}},"1":{"start":{"line":5,"column":13},"end":{"line":18,"column":1}},"2":{"start":{"line":6,"column":2},"end":{"line":17,"column":3}},"3":{"start":{"line":8,"column":6},"end":{"line":8,"column":26}},"4":{"start":{"line":11,"column":28},"end":{"line":11,"column":42}},"5":{"start":{"line":12,"column":6},"end":{"line":12,"column":38}},"6":{"start":{"line":16,"column":6},"end":{"line":16,"column":19}}},"fnMap":{"0":{"name":"(anonymous_0)","decl":{"start":{"line":5,"column":13},"end":{"line":5,"column":14}},"loc":{"start":{"line":5,"column":47},"end":{"line":18,"column":1}},"line":5}},"branchMap":{"0":{"loc":{"start":{"line":5,"column":14},"end":{"line":5,"column":34}},"type":"default-arg","locations":[{"start":{"line":5,"column":22},"end":{"line":5,"column":34}}],"line":5},"1":{"loc":{"start":{"line":6,"column":2},"end":{"line":17,"column":3}},"type":"switch","locations":[{"start":{"line":7,"column":4},"end":{"line":8,"column":26}},{"start":{"line":10,"column":4},"end":{"line":13,"column":5}},{"start":{"line":15,"column":4},"end":{"line":16,"column":19}}],"line":6}},"s":{"0":6,"1":6,"2":14,"3":1,"4":1,"5":1,"6":12},"f":{"0":14},"b":{"0":[13],"1":[1,1,12]},"_coverageSchema":"1a1c01bbd47fc00a2c39e90264f33305004495a9","hash":"abf85bf53dee9691f6347d5fa46ada30de204076"}
,"D:\\Upwork\\Sandeep\\marsRover\\src\\reducers\\rover.js": {"path":"D:\\Upwork\\Sandeep\\marsRover\\src\\reducers\\rover.js","statementMap":{"0":{"start":{"line":6,"column":21},"end":{"line":10,"column":1}},"1":{"start":{"line":12,"column":14},"end":{"line":73,"column":1}},"2":{"start":{"line":13,"column":2},"end":{"line":72,"column":3}},"3":{"start":{"line":15,"column":6},"end":{"line":15,"column":26}},"4":{"start":{"line":18,"column":59},"end":{"line":18,"column":73}},"5":{"start":{"line":19,"column":32},"end":{"line":19,"column":49}},"6":{"start":{"line":20,"column":21},"end":{"line":20,"column":33}},"7":{"start":{"line":22,"column":6},"end":{"line":36,"column":9}},"8":{"start":{"line":23,"column":30},"end":{"line":23,"column":71}},"9":{"start":{"line":24,"column":39},"end":{"line":24,"column":47}},"10":{"start":{"line":26,"column":8},"end":{"line":35,"column":9}},"11":{"start":{"line":27,"column":10},"end":{"line":34,"column":13}},"12":{"start":{"line":37,"column":6},"end":{"line":37,"column":22}},"13":{"start":{"line":41,"column":51},"end":{"line":41,"column":65}},"14":{"start":{"line":42,"column":28},"end":{"line":42,"column":58}},"15":{"start":{"line":43,"column":37},"end":{"line":43,"column":42}},"16":{"start":{"line":44,"column":6},"end":{"line":54,"column":9}},"17":{"start":{"line":58,"column":27},"end":{"line":58,"column":41}},"18":{"start":{"line":59,"column":18},"end":{"line":61,"column":24}},"19":{"start":{"line":63,"column":6},"end":{"line":67,"column":8}},"20":{"start":{"line":71,"column":6},"end":{"line":71,"column":19}}},"fnMap":{"0":{"name":"(anonymous_0)","decl":{"start":{"line":12,"column":14},"end":{"line":12,"column":15}},"loc":{"start":{"line":12,"column":48},"end":{"line":73,"column":1}},"line":12},"1":{"name":"(anonymous_1)","decl":{"start":{"line":22,"column":32},"end":{"line":22,"column":33}},"loc":{"start":{"line":22,"column":47},"end":{"line":36,"column":7}},"line":22}},"branchMap":{"0":{"loc":{"start":{"line":12,"column":15},"end":{"line":12,"column":35}},"type":"default-arg","locations":[{"start":{"line":12,"column":23},"end":{"line":12,"column":35}}],"line":12},"1":{"loc":{"start":{"line":13,"column":2},"end":{"line":72,"column":3}},"type":"switch","locations":[{"start":{"line":14,"column":4},"end":{"line":15,"column":26}},{"start":{"line":17,"column":4},"end":{"line":38,"column":5}},{"start":{"line":40,"column":4},"end":{"line":55,"column":5}},{"start":{"line":57,"column":4},"end":{"line":68,"column":5}},{"start":{"line":70,"column":4},"end":{"line":71,"column":19}}],"line":13},"2":{"loc":{"start":{"line":26,"column":8},"end":{"line":35,"column":9}},"type":"if","locations":[{"start":{"line":26,"column":8},"end":{"line":35,"column":9}},{"start":{"line":26,"column":8},"end":{"line":35,"column":9}}],"line":26},"3":{"loc":{"start":{"line":49,"column":10},"end":{"line":51,"column":34}},"type":"cond-expr","locations":[{"start":{"line":50,"column":14},"end":{"line":50,"column":34}},{"start":{"line":51,"column":14},"end":{"line":51,"column":34}}],"line":49},"4":{"loc":{"start":{"line":59,"column":18},"end":{"line":61,"column":24}},"type":"cond-expr","locations":[{"start":{"line":60,"column":10},"end":{"line":60,"column":49}},{"start":{"line":61,"column":10},"end":{"line":61,"column":24}}],"line":59}},"s":{"0":6,"1":6,"2":21,"3":1,"4":3,"5":3,"6":3,"7":3,"8":9,"9":9,"10":9,"11":6,"12":3,"13":2,"14":2,"15":2,"16":2,"17":2,"18":2,"19":2,"20":13},"f":{"0":21,"1":9},"b":{"0":[13],"1":[1,3,2,2,13],"2":[6,3],"3":[2,0],"4":[1,1]},"_coverageSchema":"1a1c01bbd47fc00a2c39e90264f33305004495a9","hash":"414d6aa55591c23081eaa8e84c4686c722ee6016"}
,"D:\\Upwork\\Sandeep\\marsRover\\src\\reducers\\helpers\\roverHelpers.js": {"path":"D:\\Upwork\\Sandeep\\marsRover\\src\\reducers\\helpers\\roverHelpers.js","statementMap":{"0":{"start":{"line":4,"column":25},"end":{"line":4,"column":64}},"1":{"start":{"line":4,"column":39},"end":{"line":4,"column":64}},"2":{"start":{"line":6,"column":33},"end":{"line":21,"column":1}},"3":{"start":{"line":13,"column":2},"end":{"line":19,"column":3}},"4":{"start":{"line":14,"column":4},"end":{"line":18,"column":6}},"5":{"start":{"line":20,"column":2},"end":{"line":20,"column":74}},"6":{"start":{"line":23,"column":32},"end":{"line":113,"column":1}},"7":{"start":{"line":31,"column":22},"end":{"line":31,"column":36}},"8":{"start":{"line":32,"column":21},"end":{"line":32,"column":25}},"9":{"start":{"line":33,"column":2},"end":{"line":105,"column":3}},"10":{"start":{"line":35,"column":6},"end":{"line":54,"column":7}},"11":{"start":{"line":37,"column":10},"end":{"line":37,"column":44}},"12":{"start":{"line":38,"column":10},"end":{"line":38,"column":16}},"13":{"start":{"line":41,"column":10},"end":{"line":41,"column":44}},"14":{"start":{"line":42,"column":10},"end":{"line":42,"column":16}},"15":{"start":{"line":45,"column":10},"end":{"line":45,"column":44}},"16":{"start":{"line":46,"column":10},"end":{"line":46,"column":16}},"17":{"start":{"line":49,"column":10},"end":{"line":49,"column":44}},"18":{"start":{"line":50,"column":10},"end":{"line":50,"column":16}},"19":{"start":{"line":53,"column":10},"end":{"line":53,"column":23}},"20":{"start":{"line":55,"column":6},"end":{"line":55,"column":12}},"21":{"start":{"line":58,"column":6},"end":{"line":77,"column":7}},"22":{"start":{"line":60,"column":10},"end":{"line":60,"column":43}},"23":{"start":{"line":61,"column":10},"end":{"line":61,"column":16}},"24":{"start":{"line":64,"column":10},"end":{"line":64,"column":43}},"25":{"start":{"line":65,"column":10},"end":{"line":65,"column":16}},"26":{"start":{"line":68,"column":10},"end":{"line":68,"column":43}},"27":{"start":{"line":69,"column":10},"end":{"line":69,"column":16}},"28":{"start":{"line":72,"column":10},"end":{"line":72,"column":43}},"29":{"start":{"line":73,"column":10},"end":{"line":73,"column":16}},"30":{"start":{"line":76,"column":10},"end":{"line":76,"column":23}},"31":{"start":{"line":78,"column":6},"end":{"line":78,"column":12}},"32":{"start":{"line":81,"column":6},"end":{"line":100,"column":7}},"33":{"start":{"line":83,"column":10},"end":{"line":83,"column":43}},"34":{"start":{"line":84,"column":10},"end":{"line":84,"column":16}},"35":{"start":{"line":87,"column":10},"end":{"line":87,"column":43}},"36":{"start":{"line":88,"column":10},"end":{"line":88,"column":16}},"37":{"start":{"line":91,"column":10},"end":{"line":91,"column":43}},"38":{"start":{"line":92,"column":10},"end":{"line":92,"column":16}},"39":{"start":{"line":95,"column":10},"end":{"line":95,"column":43}},"40":{"start":{"line":96,"column":10},"end":{"line":96,"column":16}},"41":{"start":{"line":99,"column":10},"end":{"line":99,"column":23}},"42":{"start":{"line":101,"column":6},"end":{"line":101,"column":12}},"43":{"start":{"line":104,"column":6},"end":{"line":104,"column":19}},"44":{"start":{"line":106,"column":2},"end":{"line":112,"column":5}}},"fnMap":{"0":{"name":"(anonymous_0)","decl":{"start":{"line":4,"column":25},"end":{"line":4,"column":26}},"loc":{"start":{"line":4,"column":39},"end":{"line":4,"column":64}},"line":4},"1":{"name":"(anonymous_1)","decl":{"start":{"line":6,"column":33},"end":{"line":6,"column":34}},"loc":{"start":{"line":12,"column":6},"end":{"line":21,"column":1}},"line":12},"2":{"name":"(anonymous_2)","decl":{"start":{"line":23,"column":32},"end":{"line":23,"column":33}},"loc":{"start":{"line":30,"column":6},"end":{"line":113,"column":1}},"line":30}},"branchMap":{"0":{"loc":{"start":{"line":13,"column":2},"end":{"line":19,"column":3}},"type":"if","locations":[{"start":{"line":13,"column":2},"end":{"line":19,"column":3}},{"start":{"line":13,"column":2},"end":{"line":19,"column":3}}],"line":13},"1":{"loc":{"start":{"line":33,"column":2},"end":{"line":105,"column":3}},"type":"switch","locations":[{"start":{"line":34,"column":4},"end":{"line":56,"column":5}},{"start":{"line":57,"column":4},"end":{"line":79,"column":5}},{"start":{"line":80,"column":4},"end":{"line":102,"column":5}},{"start":{"line":103,"column":4},"end":{"line":104,"column":19}}],"line":33},"2":{"loc":{"start":{"line":35,"column":6},"end":{"line":54,"column":7}},"type":"switch","locations":[{"start":{"line":36,"column":8},"end":{"line":39,"column":9}},{"start":{"line":40,"column":8},"end":{"line":43,"column":9}},{"start":{"line":44,"column":8},"end":{"line":47,"column":9}},{"start":{"line":48,"column":8},"end":{"line":51,"column":9}},{"start":{"line":52,"column":8},"end":{"line":53,"column":23}}],"line":35},"3":{"loc":{"start":{"line":58,"column":6},"end":{"line":77,"column":7}},"type":"switch","locations":[{"start":{"line":59,"column":8},"end":{"line":62,"column":9}},{"start":{"line":63,"column":8},"end":{"line":66,"column":9}},{"start":{"line":67,"column":8},"end":{"line":70,"column":9}},{"start":{"line":71,"column":8},"end":{"line":74,"column":9}},{"start":{"line":75,"column":8},"end":{"line":76,"column":23}}],"line":58},"4":{"loc":{"start":{"line":81,"column":6},"end":{"line":100,"column":7}},"type":"switch","locations":[{"start":{"line":82,"column":8},"end":{"line":85,"column":9}},{"start":{"line":86,"column":8},"end":{"line":89,"column":9}},{"start":{"line":90,"column":8},"end":{"line":93,"column":9}},{"start":{"line":94,"column":8},"end":{"line":97,"column":9}},{"start":{"line":98,"column":8},"end":{"line":99,"column":23}}],"line":81},"5":{"loc":{"start":{"line":109,"column":18},"end":{"line":109,"column":43}},"type":"binary-expr","locations":[{"start":{"line":109,"column":18},"end":{"line":109,"column":30}},{"start":{"line":109,"column":34},"end":{"line":109,"column":43}}],"line":109}},"s":{"0":7,"1":3,"2":7,"3":20,"4":17,"5":3,"6":7,"7":24,"8":24,"9":24,"10":13,"11":9,"12":9,"13":1,"14":1,"15":1,"16":1,"17":1,"18":1,"19":1,"20":12,"21":5,"22":1,"23":1,"24":1,"25":1,"26":1,"27":1,"28":1,"29":1,"30":1,"31":4,"32":5,"33":1,"34":1,"35":1,"36":1,"37":1,"38":1,"39":1,"40":1,"41":1,"42":4,"43":1,"44":20},"f":{"0":3,"1":20,"2":24},"b":{"0":[17,3],"1":[13,5,5,1],"2":[9,1,1,1,1],"3":[1,1,1,1,1],"4":[1,1,1,1,1],"5":[20,12]},"_coverageSchema":"1a1c01bbd47fc00a2c39e90264f33305004495a9","hash":"ea6424027fb45705a7ea502a40c7640092e24a86"}
}
