TN:
SF:src\actions\actionTypes.js
FNF:0
FNH:0
DA:1,11
DA:2,11
DA:3,11
DA:4,11
DA:5,11
DA:6,11
LF:6
LH:6
BRF:0
BRH:0
end_of_record
TN:
SF:src\actions\roverActions.js
FN:9,(anonymous_0)
FN:13,(anonymous_1)
FN:17,(anonymous_2)
FN:25,(anonymous_3)
FN:33,(anonymous_4)
FNF:5
FNH:4
FNDA:1,(anonymous_0)
FNDA:0,(anonymous_1)
FNDA:1,(anonymous_2)
FNDA:1,(anonymous_3)
FNDA:1,(anonymous_4)
DA:9,4
DA:13,4
DA:17,4
DA:25,4
DA:33,4
LF:5
LH:5
BRF:0
BRH:0
end_of_record
TN:
SF:src\common\constants.js
FNF:0
FNH:0
DA:1,11
DA:7,11
DA:14,11
LF:3
LH:3
BRF:0
BRH:0
end_of_record
TN:
SF:src\common\helpers.js
FN:5,(anonymous_0)
FN:11,(anonymous_1)
FN:28,(anonymous_2)
FN:39,(anonymous_3)
FN:45,(anonymous_4)
FN:58,(anonymous_5)
FN:62,(anonymous_6)
FN:65,(anonymous_7)
FNF:8
FNH:8
FNDA:16,(anonymous_0)
FNDA:7,(anonymous_1)
FNDA:1,(anonymous_2)
FNDA:1,(anonymous_3)
FNDA:5,(anonymous_4)
FNDA:4,(anonymous_5)
FNDA:18,(anonymous_6)
FNDA:16,(anonymous_7)
DA:5,11
DA:6,16
DA:11,11
DA:12,7
DA:14,1
DA:17,3
DA:20,1
DA:24,2
DA:28,11
DA:29,1
DA:31,1
DA:36,1
DA:39,11
DA:40,1
DA:42,1
DA:45,11
DA:46,5
DA:48,1
DA:50,1
DA:52,2
DA:54,1
DA:58,11
DA:59,4
DA:62,18
DA:65,11
DA:66,16
DA:67,16
LF:27
LH:27
BRDA:6,0,0,16
BRDA:6,0,1,16
BRDA:6,0,2,16
BRDA:6,0,3,16
BRDA:12,1,0,1
BRDA:12,1,1,3
BRDA:12,1,2,1
BRDA:12,1,3,1
BRDA:12,1,4,2
BRDA:46,2,0,1
BRDA:46,2,1,1
BRDA:46,2,2,2
BRDA:46,2,3,1
BRDA:59,3,0,4
BRDA:59,3,1,3
BRF:15
BRH:15
end_of_record
TN:
SF:src\common\testHelpers.js
FN:3,(anonymous_0)
FNF:1
FNH:1
FNDA:30,(anonymous_0)
DA:3,2
DA:4,30
DA:5,30
LF:3
LH:3
BRF:0
BRH:0
end_of_record
TN:
SF:src\components\Actions.js
FN:6,(anonymous_0)
FNF:1
FNH:1
FNDA:2,(anonymous_0)
DA:6,1
DA:7,2
DA:12,1
LF:3
LH:3
BRF:0
BRH:0
end_of_record
TN:
SF:src\components\Grid.js
FN:8,(anonymous_0)
FN:13,(anonymous_1)
FN:62,(anonymous_2)
FN:131,(anonymous_3)
FNF:4
FNH:4
FNDA:2,(anonymous_0)
FNDA:2,(anonymous_1)
FNDA:12,(anonymous_2)
FNDA:2,(anonymous_3)
DA:8,1
DA:13,2
DA:14,2
DA:15,2
DA:16,2
DA:17,2
DA:18,2
DA:19,12
DA:20,12
DA:22,12
DA:23,132
DA:24,132
DA:25,132
DA:26,132
DA:28,132
DA:29,2
DA:32,132
DA:52,12
DA:59,2
DA:62,12
DA:65,1
DA:131,2
LF:22
LH:22
BRDA:28,0,0,2
BRDA:28,0,1,130
BRDA:28,1,0,132
BRDA:28,1,1,12
BRDA:35,2,0,2
BRDA:35,2,1,130
BRDA:43,3,0,2
BRDA:43,3,1,130
BRF:8
BRH:8
end_of_record
TN:
SF:src\components\InstructionsForm.js
FN:10,(anonymous_0)
FN:13,(anonymous_1)
FN:93,(anonymous_2)
FNF:3
FNH:3
FNDA:3,(anonymous_0)
FNDA:1,(anonymous_1)
FNDA:3,(anonymous_2)
DA:10,1
DA:11,3
DA:12,3
DA:14,1
DA:15,1
DA:16,1
DA:18,1
DA:19,1
DA:23,1
DA:28,3
DA:65,1
DA:93,3
LF:12
LH:12
BRF:0
BRH:0
end_of_record
TN:
SF:src\components\LogPosition.js
FN:8,(anonymous_0)
FN:15,(anonymous_1)
FN:46,(anonymous_2)
FN:100,(anonymous_3)
FNF:4
FNH:4
FNDA:4,(anonymous_0)
FNDA:2,(anonymous_1)
FNDA:4,(anonymous_2)
FNDA:2,(anonymous_3)
DA:8,1
DA:9,4
DA:10,0
DA:12,4
DA:15,1
DA:20,2
DA:23,2
DA:47,4
DA:56,1
DA:100,2
LF:10
LH:9
BRDA:9,0,0,0
BRDA:9,0,1,4
BRDA:25,1,0,2
BRDA:25,1,1,2
BRDA:42,2,0,2
BRDA:42,2,1,2
BRF:6
BRH:5
end_of_record
TN:
SF:src\components\Title.js
FN:4,(anonymous_0)
FNF:1
FNH:1
FNDA:2,(anonymous_0)
DA:4,1
DA:5,2
DA:11,1
LF:3
LH:3
BRF:0
BRH:0
end_of_record
TN:
SF:src\components\library\Input.js
FN:4,(anonymous_0)
FN:6,(anonymous_1)
FN:17,(anonymous_2)
FNF:3
FNH:3
FNDA:13,(anonymous_0)
FNDA:13,(anonymous_1)
FNDA:13,(anonymous_2)
DA:4,13
DA:6,2
DA:7,13
DA:10,8
DA:12,5
DA:16,2
DA:17,13
LF:7
LH:7
BRDA:7,0,0,4
BRDA:7,0,1,8
BRDA:7,0,2,5
BRF:3
BRH:3
end_of_record
TN:
SF:src\pages\Home.js
FN:14,(anonymous_0)
FN:21,(anonymous_1)
FN:26,(anonymous_2)
FN:27,(anonymous_3)
FN:39,(anonymous_4)
FN:42,(anonymous_5)
FN:43,(anonymous_6)
FN:95,(anonymous_7)
FNF:8
FNH:8
FNDA:7,(anonymous_0)
FNDA:7,(anonymous_1)
FNDA:7,(anonymous_2)
FNDA:4,(anonymous_3)
FNDA:7,(anonymous_4)
FNDA:7,(anonymous_5)
FNDA:7,(anonymous_6)
FNDA:7,(anonymous_7)
DA:14,1
DA:21,7
DA:22,7
DA:23,7
DA:26,7
DA:27,7
DA:28,4
DA:29,4
DA:33,3
DA:35,1
DA:38,7
DA:39,7
DA:42,7
DA:43,7
DA:44,7
DA:48,7
DA:65,1
DA:95,7
LF:18
LH:18
BRDA:29,0,0,1
BRDA:29,0,1,2
BRDA:29,0,2,3
BRDA:29,0,3,1
BRF:4
BRH:4
end_of_record
TN:
SF:src\reducers\grid.js
FN:5,(anonymous_0)
FNF:1
FNH:1
FNDA:13,(anonymous_0)
DA:3,6
DA:5,6
DA:6,13
DA:9,1
DA:12,12
LF:5
LH:5
BRDA:5,0,0,13
BRDA:6,1,0,1
BRDA:6,1,1,12
BRF:3
BRH:3
end_of_record
TN:
SF:src\reducers\index.js
FN:11,(anonymous_0)
FN:12,(anonymous_1)
FNF:2
FNH:2
FNDA:1,(anonymous_0)
FNDA:1,(anonymous_1)
DA:6,5
DA:11,5
DA:12,5
LF:3
LH:3
BRF:0
BRH:0
end_of_record
TN:
SF:src\reducers\rover.js
FN:18,(anonymous_0)
FN:34,(anonymous_1)
FNF:2
FNH:2
FNDA:19,(anonymous_0)
FNDA:6,(anonymous_1)
DA:12,6
DA:18,6
DA:19,19
DA:22,1
DA:26,1
DA:30,2
DA:31,2
DA:32,2
DA:34,2
DA:35,6
DA:36,6
DA:38,6
DA:39,3
DA:48,2
DA:53,1
DA:54,1
DA:55,1
DA:56,1
DA:67,2
DA:68,2
DA:72,2
DA:80,12
LF:22
LH:22
BRDA:18,0,0,13
BRDA:19,1,0,1
BRDA:19,1,1,1
BRDA:19,1,2,2
BRDA:19,1,3,1
BRDA:19,1,4,2
BRDA:19,1,5,12
BRDA:38,2,0,3
BRDA:38,2,1,3
BRDA:68,3,0,1
BRDA:68,3,1,1
BRF:11
BRH:11
end_of_record
TN:
SF:src\reducers\helpers\roverHelpers.js
FN:5,(anonymous_0)
FN:22,(anonymous_1)
FNF:2
FNH:2
FNDA:16,(anonymous_0)
FNDA:20,(anonymous_1)
DA:5,7
DA:11,16
DA:12,16
DA:18,0
DA:22,7
DA:29,20
DA:30,20
DA:31,20
DA:33,9
DA:35,5
DA:36,5
DA:37,5
DA:40,1
DA:41,1
DA:42,1
DA:45,1
DA:46,1
DA:47,1
DA:50,1
DA:51,1
DA:52,1
DA:55,1
DA:57,8
DA:60,5
DA:62,1
DA:63,1
DA:66,1
DA:67,1
DA:70,1
DA:71,1
DA:74,1
DA:75,1
DA:78,1
DA:80,4
DA:83,5
DA:85,1
DA:86,1
DA:89,1
DA:90,1
DA:93,1
DA:94,1
DA:97,1
DA:98,1
DA:101,1
DA:103,4
DA:106,1
DA:108,16
LF:47
LH:46
BRDA:11,0,0,16
BRDA:11,0,1,0
BRDA:31,1,0,9
BRDA:31,1,1,5
BRDA:31,1,2,5
BRDA:31,1,3,1
BRDA:33,2,0,5
BRDA:33,2,1,1
BRDA:33,2,2,1
BRDA:33,2,3,1
BRDA:33,2,4,1
BRDA:60,3,0,1
BRDA:60,3,1,1
BRDA:60,3,2,1
BRDA:60,3,3,1
BRDA:60,3,4,1
BRDA:83,4,0,1
BRDA:83,4,1,1
BRDA:83,4,2,1
BRDA:83,4,3,1
BRDA:83,4,4,1
BRF:21
BRH:20
end_of_record
